england_epl/2014-2015/2015-02-21 - 18-00 Chelsea 1 - 1 Burnley/1_720p.mkv
england_epl/2014-2015/2015-02-21 - 18-00 Chelsea 1 - 1 Burnley/2_720p.mkv
england_epl/2014-2015/2015-02-21 - 18-00 Crystal Palace 1 - 2 Arsenal/1_720p.mkv
england_epl/2014-2015/2015-02-21 - 18-00 Crystal Palace 1 - 2 Arsenal/2_720p.mkv
england_epl/2014-2015/2015-02-21 - 18-00 Swansea 2 - 1 Manchester United/1_720p.mkv
england_epl/2014-2015/2015-02-21 - 18-00 Swansea 2 - 1 Manchester United/2_720p.mkv
england_epl/2014-2015/2015-02-22 - 19-15 Southampton 0 - 2 Liverpool/1_720p.mkv
england_epl/2014-2015/2015-02-22 - 19-15 Southampton 0 - 2 Liverpool/2_720p.mkv
england_epl/2015-2016/2015-08-08 - 19-30 Chelsea 2 - 2 Swansea/1_720p.mkv
england_epl/2015-2016/2015-08-08 - 19-30 Chelsea 2 - 2 Swansea/2_720p.mkv
england_epl/2015-2016/2015-08-29 - 17-00 Chelsea 1 - 2 Crystal Palace/1_720p.mkv
england_epl/2015-2016/2015-08-29 - 17-00 Chelsea 1 - 2 Crystal Palace/2_720p.mkv
england_epl/2015-2016/2015-08-29 - 17-00 Manchester City 2 - 0 Watford/1_720p.mkv
england_epl/2015-2016/2015-08-29 - 17-00 Manchester City 2 - 0 Watford/2_720p.mkv
england_epl/2015-2016/2015-09-12 - 14-45 Everton 3 - 1 Chelsea/1_720p.mkv
england_epl/2015-2016/2015-09-12 - 14-45 Everton 3 - 1 Chelsea/2_720p.mkv
england_epl/2015-2016/2015-09-12 - 17-00 Crystal Palace 0 - 1 Manchester City/1_720p.mkv
england_epl/2015-2016/2015-09-12 - 17-00 Crystal Palace 0 - 1 Manchester City/2_720p.mkv
england_epl/2015-2016/2015-09-19 - 19-30 Manchester City 1 - 2 West Ham/1_720p.mkv
england_epl/2015-2016/2015-09-19 - 19-30 Manchester City 1 - 2 West Ham/2_720p.mkv
england_epl/2015-2016/2015-09-26 - 17-00 Liverpool 3 - 2 Aston Villa/1_720p.mkv
england_epl/2015-2016/2015-09-26 - 17-00 Liverpool 3 - 2 Aston Villa/2_720p.mkv
england_epl/2015-2016/2015-10-17 - 17-00 Chelsea 2 - 0 Aston Villa/1_720p.mkv
england_epl/2015-2016/2015-10-17 - 17-00 Chelsea 2 - 0 Aston Villa/2_720p.mkv
england_epl/2015-2016/2015-10-31 - 15-45 Chelsea 1 - 3 Liverpool/1_720p.mkv
england_epl/2015-2016/2015-10-31 - 15-45 Chelsea 1 - 3 Liverpool/2_720p.mkv
england_epl/2015-2016/2015-11-07 - 18-00 Manchester United 2 - 0 West Brom/1_720p.mkv
england_epl/2015-2016/2015-11-07 - 18-00 Manchester United 2 - 0 West Brom/2_720p.mkv
england_epl/2015-2016/2015-11-21 - 20-30 Manchester City 1 - 4 Liverpool/1_720p.mkv
england_epl/2015-2016/2015-11-21 - 20-30 Manchester City 1 - 4 Liverpool/2_720p.mkv
england_epl/2015-2016/2015-11-29 - 15-00 Tottenham 0 - 0 Chelsea/1_720p.mkv
england_epl/2015-2016/2015-11-29 - 15-00 Tottenham 0 - 0 Chelsea/2_720p.mkv
england_epl/2015-2016/2015-12-05 - 20-30 Chelsea 0 - 1 Bournemouth/1_720p.mkv
england_epl/2015-2016/2015-12-05 - 20-30 Chelsea 0 - 1 Bournemouth/2_720p.mkv
england_epl/2015-2016/2015-12-19 - 18-00 Chelsea 3 - 1 Sunderland/1_720p.mkv
england_epl/2015-2016/2015-12-19 - 18-00 Chelsea 3 - 1 Sunderland/2_720p.mkv
england_epl/2015-2016/2015-12-26 - 18-00 Manchester City 4 - 1 Sunderland/1_720p.mkv
england_epl/2015-2016/2015-12-26 - 18-00 Manchester City 4 - 1 Sunderland/2_720p.mkv
england_epl/2015-2016/2016-01-03 - 16-30 Crystal Palace 0 - 3 Chelsea/1_720p.mkv
england_epl/2015-2016/2016-01-03 - 16-30 Crystal Palace 0 - 3 Chelsea/2_720p.mkv
england_epl/2015-2016/2016-01-13 - 22-45 Chelsea 2 - 2 West Brom/1_720p.mkv
england_epl/2015-2016/2016-01-13 - 22-45 Chelsea 2 - 2 West Brom/2_720p.mkv
england_epl/2015-2016/2016-02-07 - 19-00 Chelsea 1 - 1 Manchester United/1_720p.mkv
england_epl/2015-2016/2016-02-07 - 19-00 Chelsea 1 - 1 Manchester United/2_720p.mkv
england_epl/2015-2016/2016-02-14 - 19-15 Manchester City 1 - 2 Tottenham/1_720p.mkv
england_epl/2015-2016/2016-02-14 - 19-15 Manchester City 1 - 2 Tottenham/2_720p.mkv
england_epl/2015-2016/2016-03-02 - 23-00 Liverpool 3 - 0 Manchester City/1_720p.mkv
england_epl/2015-2016/2016-03-02 - 23-00 Liverpool 3 - 0 Manchester City/2_720p.mkv
england_epl/2015-2016/2016-03-05 - 18-00 Chelsea 1 - 1 Stoke City/1_720p.mkv
england_epl/2015-2016/2016-03-05 - 18-00 Chelsea 1 - 1 Stoke City/2_720p.mkv
england_epl/2015-2016/2016-03-19 - 18-00 Chelsea 2 - 2 West Ham/1_720p.mkv
england_epl/2015-2016/2016-03-19 - 18-00 Chelsea 2 - 2 West Ham/2_720p.mkv
england_epl/2015-2016/2016-04-09 - 17-00 Swansea 1 - 0 Chelsea/1_720p.mkv
england_epl/2015-2016/2016-04-09 - 17-00 Swansea 1 - 0 Chelsea/2_720p.mkv
england_epl/2015-2016/2016-04-09 - 19-30 Manchester City 2 - 1 West Brom/1_720p.mkv
england_epl/2015-2016/2016-04-09 - 19-30 Manchester City 2 - 1 West Brom/2_720p.mkv
england_epl/2015-2016/2016-05-07 - 17-00 Sunderland 3 - 2 Chelsea/1_720p.mkv
england_epl/2015-2016/2016-05-07 - 17-00 Sunderland 3 - 2 Chelsea/2_720p.mkv
england_epl/2016-2017/2016-08-14 - 18-00 Arsenal 3 - 4 Liverpool/1_720p.mkv
england_epl/2016-2017/2016-08-14 - 18-00 Arsenal 3 - 4 Liverpool/2_720p.mkv
england_epl/2016-2017/2016-08-20 - 17-00 Burnley 2 - 0 Liverpool/1_720p.mkv
england_epl/2016-2017/2016-08-20 - 17-00 Burnley 2 - 0 Liverpool/2_720p.mkv
england_epl/2016-2017/2016-08-20 - 19-30 Leicester 0 - 0 Arsenal/1_720p.mkv
england_epl/2016-2017/2016-08-20 - 19-30 Leicester 0 - 0 Arsenal/2_720p.mkv
england_epl/2016-2017/2016-09-10 - 17-00 Arsenal 2 - 1 Southampton/1_720p.mkv
england_epl/2016-2017/2016-09-10 - 17-00 Arsenal 2 - 1 Southampton/2_720p.mkv
england_epl/2016-2017/2016-09-16 - 22-00 Chelsea 1 - 2 Liverpool/1_720p.mkv
england_epl/2016-2017/2016-09-16 - 22-00 Chelsea 1 - 2 Liverpool/2_720p.mkv
england_epl/2016-2017/2016-09-17 - 17-00 Hull City 1 - 4 Arsenal/1_720p.mkv
england_epl/2016-2017/2016-09-17 - 17-00 Hull City 1 - 4 Arsenal/2_720p.mkv
england_epl/2016-2017/2016-09-24 - 19-30 Arsenal 3 - 0 Chelsea/1_720p.mkv
england_epl/2016-2017/2016-09-24 - 19-30 Arsenal 3 - 0 Chelsea/2_720p.mkv
england_epl/2016-2017/2016-10-17 - 22-00 Liverpool 0 - 0 Manchester United/1_720p.mkv
england_epl/2016-2017/2016-10-17 - 22-00 Liverpool 0 - 0 Manchester United/2_720p.mkv
england_epl/2016-2017/2016-10-22 - 19-30 Liverpool 2 - 1 West Brom/1_720p.mkv
england_epl/2016-2017/2016-10-22 - 19-30 Liverpool 2 - 1 West Brom/2_720p.mkv
england_epl/2016-2017/2016-10-29 - 14-30 Sunderland 1 - 4 Arsenal/1_720p.mkv
england_epl/2016-2017/2016-10-29 - 14-30 Sunderland 1 - 4 Arsenal/2_720p.mkv
england_epl/2016-2017/2016-10-29 - 17-00 Tottenham 1 - 1 Leicester/1_720p.mkv
england_epl/2016-2017/2016-10-29 - 17-00 Tottenham 1 - 1 Leicester/2_720p.mkv
england_epl/2016-2017/2016-11-06 - 17-15 Liverpool 6 - 1 Watford/1_720p.mkv
england_epl/2016-2017/2016-11-06 - 17-15 Liverpool 6 - 1 Watford/2_720p.mkv
england_epl/2016-2017/2016-11-06 - 19-30 Leicester 1 - 2 West Brom/1_720p.mkv
england_epl/2016-2017/2016-11-06 - 19-30 Leicester 1 - 2 West Brom/2_720p.mkv
england_epl/2016-2017/2016-11-19 - 18-00 Southampton 0 - 0 Liverpool/1_720p.mkv
england_epl/2016-2017/2016-11-19 - 18-00 Southampton 0 - 0 Liverpool/2_720p.mkv
england_epl/2016-2017/2016-11-26 - 18-00 Liverpool 2 - 0 Sunderland/1_720p.mkv
england_epl/2016-2017/2016-11-26 - 18-00 Liverpool 2 - 0 Sunderland/2_720p.mkv
england_epl/2016-2017/2016-12-10 - 20-30 Leicester 4 - 2 Manchester City/1_720p.mkv
england_epl/2016-2017/2016-12-10 - 20-30 Leicester 4 - 2 Manchester City/2_720p.mkv
england_epl/2016-2017/2016-12-11 - 19-30 Liverpool 2 - 2 West Ham/1_720p.mkv
england_epl/2016-2017/2016-12-11 - 19-30 Liverpool 2 - 2 West Ham/2_720p.mkv
england_epl/2016-2017/2016-12-14 - 22-45 Middlesbrough 0 - 3 Liverpool/1_720p.mkv
england_epl/2016-2017/2016-12-14 - 22-45 Middlesbrough 0 - 3 Liverpool/2_720p.mkv
england_epl/2016-2017/2016-12-19 - 23-00 Everton 0 - 1 Liverpool/1_720p.mkv
england_epl/2016-2017/2016-12-19 - 23-00 Everton 0 - 1 Liverpool/2_720p.mkv
england_epl/2016-2017/2016-12-27 - 20-15 Liverpool 4 - 1 Stoke City/1_720p.mkv
england_epl/2016-2017/2016-12-27 - 20-15 Liverpool 4 - 1 Stoke City/2_720p.mkv
england_epl/2016-2017/2016-12-31 - 20-30 Liverpool 1 - 0 Manchester City/1_720p.mkv
england_epl/2016-2017/2016-12-31 - 20-30 Liverpool 1 - 0 Manchester City/2_720p.mkv
england_epl/2016-2017/2017-01-02 - 15-30 Middlesbrough 0 - 0 Leicester/1_720p.mkv
england_epl/2016-2017/2017-01-02 - 15-30 Middlesbrough 0 - 0 Leicester/2_720p.mkv
england_epl/2016-2017/2017-01-02 - 18-00 Sunderland 2 - 2 Liverpool/1_720p.mkv
england_epl/2016-2017/2017-01-02 - 18-00 Sunderland 2 - 2 Liverpool/2_720p.mkv
england_epl/2016-2017/2017-01-14 - 20-30 Leicester 0 - 3 Chelsea/1_720p.mkv
england_epl/2016-2017/2017-01-14 - 20-30 Leicester 0 - 3 Chelsea/2_720p.mkv
england_epl/2016-2017/2017-01-15 - 19-00 Manchester United 1 - 1 Liverpool/1_720p.mkv
england_epl/2016-2017/2017-01-15 - 19-00 Manchester United 1 - 1 Liverpool/2_720p.mkv
england_epl/2016-2017/2017-01-31 - 23-00 Liverpool 1 - 1 Chelsea/1_720p.mkv
england_epl/2016-2017/2017-01-31 - 23-00 Liverpool 1 - 1 Chelsea/2_720p.mkv
england_epl/2016-2017/2017-02-27 - 23-00 Leicester 3 - 1 Liverpool/1_720p.mkv
england_epl/2016-2017/2017-02-27 - 23-00 Leicester 3 - 1 Liverpool/2_720p.mkv
england_epl/2016-2017/2017-04-26 - 21-45 Arsenal 1 - 0 Leicester/1_720p.mkv
england_epl/2016-2017/2017-04-26 - 21-45 Arsenal 1 - 0 Leicester/2_720p.mkv
england_epl/2016-2017/2017-05-13 - 14-30 Manchester City 2 - 1 Leicester/1_720p.mkv
england_epl/2016-2017/2017-05-13 - 14-30 Manchester City 2 - 1 Leicester/2_720p.mkv
europe_uefa-champions-league/2014-2015/2014-11-04 - 22-45 Arsenal 3 - 3 Anderlecht/1_720p.mkv
europe_uefa-champions-league/2014-2015/2014-11-04 - 22-45 Arsenal 3 - 3 Anderlecht/2_720p.mkv
europe_uefa-champions-league/2014-2015/2014-11-04 - 22-45 Dortmund 4 - 1 Galatasaray/1_720p.mkv
europe_uefa-champions-league/2014-2015/2014-11-04 - 22-45 Dortmund 4 - 1 Galatasaray/2_720p.mkv
europe_uefa-champions-league/2014-2015/2014-11-05 - 22-45 Bayern Munich 2 - 0 AS Roma/1_720p.mkv
europe_uefa-champions-league/2014-2015/2014-11-05 - 22-45 Bayern Munich 2 - 0 AS Roma/2_720p.mkv
europe_uefa-champions-league/2014-2015/2014-12-09 - 22-45 Benfica 0 - 0 Bayer Leverkusen/1_720p.mkv
europe_uefa-champions-league/2014-2015/2014-12-09 - 22-45 Benfica 0 - 0 Bayer Leverkusen/2_720p.mkv
europe_uefa-champions-league/2014-2015/2014-12-09 - 22-45 Dortmund 1 - 1 Anderlecht/1_720p.mkv
europe_uefa-champions-league/2014-2015/2014-12-09 - 22-45 Dortmund 1 - 1 Anderlecht/2_720p.mkv
europe_uefa-champions-league/2014-2015/2014-12-09 - 22-45 Liverpool 1 - 1 Basel/1_720p.mkv
europe_uefa-champions-league/2014-2015/2014-12-09 - 22-45 Liverpool 1 - 1 Basel/2_720p.mkv
europe_uefa-champions-league/2014-2015/2014-12-10 - 22-45 Barcelona 3 - 1 Paris SG/1_720p.mkv
europe_uefa-champions-league/2014-2015/2014-12-10 - 22-45 Barcelona 3 - 1 Paris SG/2_720p.mkv
europe_uefa-champions-league/2014-2015/2014-12-10 - 22-45 Bayern Munich 3 - 0 CSKA Moscow/1_720p.mkv
europe_uefa-champions-league/2014-2015/2014-12-10 - 22-45 Bayern Munich 3 - 0 CSKA Moscow/2_720p.mkv
europe_uefa-champions-league/2014-2015/2015-02-17 - 22-45 Paris SG 1 - 1 Chelsea/1_720p.mkv
europe_uefa-champions-league/2014-2015/2015-02-17 - 22-45 Paris SG 1 - 1 Chelsea/2_720p.mkv
europe_uefa-champions-league/2014-2015/2015-02-17 - 22-45 Shakhtar Donetsk 0 - 0 Bayern Munich/1_720p.mkv
europe_uefa-champions-league/2014-2015/2015-02-17 - 22-45 Shakhtar Donetsk 0 - 0 Bayern Munich/2_720p.mkv
europe_uefa-champions-league/2014-2015/2015-02-18 - 22-45 Schalke 0 - 2 Real Madrid/1_720p.mkv
europe_uefa-champions-league/2014-2015/2015-02-18 - 22-45 Schalke 0 - 2 Real Madrid/2_720p.mkv
europe_uefa-champions-league/2014-2015/2015-02-25 - 22-45 Arsenal 1 - 3 Monaco/1_720p.mkv
europe_uefa-champions-league/2014-2015/2015-02-25 - 22-45 Arsenal 1 - 3 Monaco/2_720p.mkv
europe_uefa-champions-league/2014-2015/2015-02-25 - 22-45 Bayer Leverkusen 1 - 0 Atl. Madrid/1_720p.mkv
europe_uefa-champions-league/2014-2015/2015-02-25 - 22-45 Bayer Leverkusen 1 - 0 Atl. Madrid/2_720p.mkv
europe_uefa-champions-league/2014-2015/2015-03-10 - 22-45 FC Porto 4 - 0 Basel/1_720p.mkv
europe_uefa-champions-league/2014-2015/2015-03-10 - 22-45 FC Porto 4 - 0 Basel/2_720p.mkv
europe_uefa-champions-league/2014-2015/2015-03-18 - 22-45 Barcelona 1 - 0 Manchester City/1_720p.mkv
europe_uefa-champions-league/2014-2015/2015-03-18 - 22-45 Barcelona 1 - 0 Manchester City/2_720p.mkv
europe_uefa-champions-league/2014-2015/2015-03-18 - 22-45 Dortmund 0 - 3 Juventus/1_720p.mkv
europe_uefa-champions-league/2014-2015/2015-03-18 - 22-45 Dortmund 0 - 3 Juventus/2_720p.mkv
europe_uefa-champions-league/2014-2015/2015-04-14 - 21-45 Atl. Madrid 0 - 0 Real Madrid/1_720p.mkv
europe_uefa-champions-league/2014-2015/2015-04-14 - 21-45 Atl. Madrid 0 - 0 Real Madrid/2_720p.mkv
europe_uefa-champions-league/2014-2015/2015-04-14 - 21-45 Juventus 1 - 0 Monaco/1_720p.mkv
europe_uefa-champions-league/2014-2015/2015-04-14 - 21-45 Juventus 1 - 0 Monaco/2_720p.mkv
europe_uefa-champions-league/2014-2015/2015-04-21 - 21-45 Bayern Munich 6 - 1 FC Porto/1_720p.mkv
europe_uefa-champions-league/2014-2015/2015-04-21 - 21-45 Bayern Munich 6 - 1 FC Porto/2_720p.mkv
europe_uefa-champions-league/2014-2015/2015-04-22 - 21-45 Monaco 0 - 0 Juventus/1_720p.mkv
europe_uefa-champions-league/2014-2015/2015-04-22 - 21-45 Monaco 0 - 0 Juventus/2_720p.mkv
europe_uefa-champions-league/2014-2015/2015-05-06 - 21-45 Barcelona 3 - 0 Bayern Munich/1_720p.mkv
europe_uefa-champions-league/2014-2015/2015-05-06 - 21-45 Barcelona 3 - 0 Bayern Munich/2_720p.mkv
europe_uefa-champions-league/2014-2015/2015-05-12 - 21-45 Bayern Munich 3 - 2 Barcelona/1_720p.mkv
europe_uefa-champions-league/2014-2015/2015-05-12 - 21-45 Bayern Munich 3 - 2 Barcelona/2_720p.mkv
europe_uefa-champions-league/2015-2016/2015-09-15 - 21-45 Galatasaray 0 - 2 Atl. Madrid/1_720p.mkv
europe_uefa-champions-league/2015-2016/2015-09-15 - 21-45 Galatasaray 0 - 2 Atl. Madrid/2_720p.mkv
europe_uefa-champions-league/2015-2016/2015-09-15 - 21-45 Manchester City 1 - 2 Juventus/1_720p.mkv
europe_uefa-champions-league/2015-2016/2015-09-15 - 21-45 Manchester City 1 - 2 Juventus/2_720p.mkv
europe_uefa-champions-league/2015-2016/2015-09-15 - 21-45 Paris SG 2 - 0 Malmo FF/1_720p.mkv
europe_uefa-champions-league/2015-2016/2015-09-15 - 21-45 Paris SG 2 - 0 Malmo FF/2_720p.mkv
europe_uefa-champions-league/2015-2016/2015-09-15 - 21-45 Real Madrid 4 - 0 Shakhtar Donetsk/1_720p.mkv
europe_uefa-champions-league/2015-2016/2015-09-15 - 21-45 Real Madrid 4 - 0 Shakhtar Donetsk/2_720p.mkv
europe_uefa-champions-league/2015-2016/2015-09-15 - 21-45 Sevilla 3 - 0 B. Monchengladbach/1_720p.mkv
europe_uefa-champions-league/2015-2016/2015-09-15 - 21-45 Sevilla 3 - 0 B. Monchengladbach/2_720p.mkv
europe_uefa-champions-league/2015-2016/2015-09-16 - 21-45 AS Roma 1 - 1 Barcelona/1_720p.mkv
europe_uefa-champions-league/2015-2016/2015-09-16 - 21-45 AS Roma 1 - 1 Barcelona/2_720p.mkv
europe_uefa-champions-league/2015-2016/2015-09-16 - 21-45 Bayer Leverkusen 4 - 1 BATE/1_720p.mkv
europe_uefa-champions-league/2015-2016/2015-09-16 - 21-45 Bayer Leverkusen 4 - 1 BATE/2_720p.mkv
europe_uefa-champions-league/2015-2016/2015-09-16 - 21-45 Gent 1 - 1 Lyon/1_720p.mkv
europe_uefa-champions-league/2015-2016/2015-09-16 - 21-45 Gent 1 - 1 Lyon/2_720p.mkv
europe_uefa-champions-league/2015-2016/2015-09-29 - 21-45 Arsenal 2 - 3 Olympiakos Piraeus/1_720p.mkv
europe_uefa-champions-league/2015-2016/2015-09-29 - 21-45 Arsenal 2 - 3 Olympiakos Piraeus/2_720p.mkv
europe_uefa-champions-league/2015-2016/2015-09-29 - 21-45 Lyon 0 - 1 Valencia/1_720p.mkv
europe_uefa-champions-league/2015-2016/2015-09-29 - 21-45 Lyon 0 - 1 Valencia/2_720p.mkv
europe_uefa-champions-league/2015-2016/2015-10-20 - 21-45 Arsenal 2 - 0 Bayern Munich/1_720p.mkv
europe_uefa-champions-league/2015-2016/2015-10-20 - 21-45 Arsenal 2 - 0 Bayern Munich/2_720p.mkv
europe_uefa-champions-league/2015-2016/2015-11-03 - 18-00 FC Astana 0 - 0 Atl. Madrid/1_720p.mkv
europe_uefa-champions-league/2015-2016/2015-11-03 - 18-00 FC Astana 0 - 0 Atl. Madrid/2_720p.mkv
europe_uefa-champions-league/2015-2016/2015-11-03 - 22-45 B. Monchengladbach 1 - 1 Juventus/1_720p.mkv
europe_uefa-champions-league/2015-2016/2015-11-03 - 22-45 B. Monchengladbach 1 - 1 Juventus/2_720p.mkv
europe_uefa-champions-league/2015-2016/2015-11-03 - 22-45 Manchester United 1 - 0 CSKA Moscow/1_720p.mkv
europe_uefa-champions-league/2015-2016/2015-11-03 - 22-45 Manchester United 1 - 0 CSKA Moscow/2_720p.mkv
europe_uefa-champions-league/2015-2016/2015-11-03 - 22-45 PSV 2 - 0 Wolfsburg/1_720p.mkv
europe_uefa-champions-league/2015-2016/2015-11-03 - 22-45 PSV 2 - 0 Wolfsburg/2_720p.mkv
europe_uefa-champions-league/2015-2016/2015-11-04 - 22-45 Bayern Munich 5 - 1 Arsenal/1_720p.mkv
europe_uefa-champions-league/2015-2016/2015-11-04 - 22-45 Bayern Munich 5 - 1 Arsenal/2_720p.mkv
europe_uefa-champions-league/2015-2016/2015-11-04 - 22-45 Gent 1 - 0 Valencia/1_720p.mkv
europe_uefa-champions-league/2015-2016/2015-11-04 - 22-45 Gent 1 - 0 Valencia/2_720p.mkv
europe_uefa-champions-league/2015-2016/2015-11-04 - 22-45 Lyon 0 - 2 Zenit Petersburg/1_720p.mkv
europe_uefa-champions-league/2015-2016/2015-11-04 - 22-45 Lyon 0 - 2 Zenit Petersburg/2_720p.mkv
europe_uefa-champions-league/2015-2016/2015-11-04 - 22-45 Maccabi Tel Aviv 1 - 3 FC Porto/1_720p.mkv
europe_uefa-champions-league/2015-2016/2015-11-04 - 22-45 Maccabi Tel Aviv 1 - 3 FC Porto/2_720p.mkv
europe_uefa-champions-league/2015-2016/2015-11-24 - 20-00 Zenit Petersburg 2 - 0 Valencia/1_720p.mkv
europe_uefa-champions-league/2015-2016/2015-11-24 - 20-00 Zenit Petersburg 2 - 0 Valencia/2_720p.mkv
europe_uefa-champions-league/2015-2016/2015-11-24 - 22-45 Barcelona 6 - 1 AS Roma/1_720p.mkv
europe_uefa-champions-league/2015-2016/2015-11-24 - 22-45 Barcelona 6 - 1 AS Roma/2_720p.mkv
europe_uefa-champions-league/2015-2016/2015-11-24 - 22-45 Bayern Munich 4 - 0 Olympiakos Piraeus/1_720p.mkv
europe_uefa-champions-league/2015-2016/2015-11-24 - 22-45 Bayern Munich 4 - 0 Olympiakos Piraeus/2_720p.mkv
europe_uefa-champions-league/2015-2016/2015-11-24 - 22-45 FC Porto 0 - 2 Dyn. Kiev/1_720p.mkv
europe_uefa-champions-league/2015-2016/2015-11-24 - 22-45 FC Porto 0 - 2 Dyn. Kiev/2_720p.mkv
europe_uefa-champions-league/2015-2016/2015-11-24 - 22-45 Maccabi Tel Aviv 0 - 4 Chelsea/1_720p.mkv
europe_uefa-champions-league/2015-2016/2015-11-24 - 22-45 Maccabi Tel Aviv 0 - 4 Chelsea/2_720p.mkv
europe_uefa-champions-league/2015-2016/2015-11-25 - 20-00 CSKA Moscow 0 - 2 Wolfsburg/1_720p.mkv
europe_uefa-champions-league/2015-2016/2015-11-25 - 20-00 CSKA Moscow 0 - 2 Wolfsburg/2_720p.mkv
europe_uefa-champions-league/2015-2016/2015-11-25 - 22-45 Atl. Madrid 2 - 0 Galatasaray/1_720p.mkv
europe_uefa-champions-league/2015-2016/2015-11-25 - 22-45 Atl. Madrid 2 - 0 Galatasaray/2_720p.mkv
europe_uefa-champions-league/2015-2016/2015-11-25 - 22-45 B. Monchengladbach 4 - 2 Sevilla/1_720p.mkv
europe_uefa-champions-league/2015-2016/2015-11-25 - 22-45 B. Monchengladbach 4 - 2 Sevilla/2_720p.mkv
europe_uefa-champions-league/2015-2016/2015-11-25 - 22-45 Malmo FF 0 - 5 Paris SG/1_720p.mkv
europe_uefa-champions-league/2015-2016/2015-11-25 - 22-45 Malmo FF 0 - 5 Paris SG/2_720p.mkv
europe_uefa-champions-league/2015-2016/2015-12-09 - 22-45 D. Zagreb 0 - 2 Bayern Munich/1_720p.mkv
europe_uefa-champions-league/2015-2016/2015-12-09 - 22-45 D. Zagreb 0 - 2 Bayern Munich/2_720p.mkv
europe_uefa-champions-league/2016-2017/2016-09-13 - 21-45 Barcelona 7 - 0 Celtic/1_720p.mkv
europe_uefa-champions-league/2016-2017/2016-09-13 - 21-45 Barcelona 7 - 0 Celtic/2_720p.mkv
europe_uefa-champions-league/2016-2017/2016-09-13 - 21-45 Dyn. Kiev 1 - 2 Napoli/1_720p.mkv
europe_uefa-champions-league/2016-2017/2016-09-13 - 21-45 Dyn. Kiev 1 - 2 Napoli/2_720p.mkv
europe_uefa-champions-league/2016-2017/2016-09-28 - 21-45 Ludogorets 1 - 3 Paris SG/1_720p.mkv
europe_uefa-champions-league/2016-2017/2016-09-28 - 21-45 Ludogorets 1 - 3 Paris SG/2_720p.mkv
europe_uefa-champions-league/2016-2017/2016-10-19 - 21-45 Barcelona 4 - 0 Manchester City/1_720p.mkv
europe_uefa-champions-league/2016-2017/2016-10-19 - 21-45 Barcelona 4 - 0 Manchester City/2_720p.mkv
europe_uefa-champions-league/2016-2017/2016-11-23 - 22-45 Celtic 0 - 2 Barcelona/1_720p.mkv
europe_uefa-champions-league/2016-2017/2016-11-23 - 22-45 Celtic 0 - 2 Barcelona/2_720p.mkv
europe_uefa-champions-league/2016-2017/2016-11-23 - 22-45 Napoli 0 - 0 Dyn. Kiev/1_720p.mkv
europe_uefa-champions-league/2016-2017/2016-11-23 - 22-45 Napoli 0 - 0 Dyn. Kiev/2_720p.mkv
europe_uefa-champions-league/2016-2017/2016-12-06 - 22-45 Benfica 1 - 2 Napoli/1_720p.mkv
europe_uefa-champions-league/2016-2017/2016-12-06 - 22-45 Benfica 1 - 2 Napoli/2_720p.mkv
europe_uefa-champions-league/2016-2017/2017-02-14 - 22-45 Paris SG 4 - 0 Barcelona/1_720p.mkv
europe_uefa-champions-league/2016-2017/2017-02-14 - 22-45 Paris SG 4 - 0 Barcelona/2_720p.mkv
europe_uefa-champions-league/2016-2017/2017-02-15 - 22-45 Real Madrid 3 - 1 Napoli/1_720p.mkv
europe_uefa-champions-league/2016-2017/2017-02-15 - 22-45 Real Madrid 3 - 1 Napoli/2_720p.mkv
europe_uefa-champions-league/2016-2017/2017-03-07 - 22-45 Napoli 1 - 3 Real Madrid/1_720p.mkv
europe_uefa-champions-league/2016-2017/2017-03-07 - 22-45 Napoli 1 - 3 Real Madrid/2_720p.mkv
europe_uefa-champions-league/2016-2017/2017-04-18 - 21-45 Real Madrid 4 - 2 Bayern Munich/1_720p.mkv
europe_uefa-champions-league/2016-2017/2017-04-18 - 21-45 Real Madrid 4 - 2 Bayern Munich/2_720p.mkv
france_ligue-1/2014-2015/2015-04-05 - 22-00 Marseille 2 - 3 Paris SG/1_720p.mkv
france_ligue-1/2014-2015/2015-04-05 - 22-00 Marseille 2 - 3 Paris SG/2_720p.mkv
france_ligue-1/2015-2016/2015-09-26 - 18-30 Nantes 1 - 4 Paris SG/1_720p.mkv
france_ligue-1/2015-2016/2015-09-26 - 18-30 Nantes 1 - 4 Paris SG/2_720p.mkv
france_ligue-1/2015-2016/2015-11-07 - 19-00 Paris SG 5 - 0 Toulouse/1_720p.mkv
france_ligue-1/2015-2016/2015-11-07 - 19-00 Paris SG 5 - 0 Toulouse/2_720p.mkv
france_ligue-1/2016-2017/2016-08-12 - 21-00 Bastia 0 - 1 Paris SG/1_720p.mkv
france_ligue-1/2016-2017/2016-08-12 - 21-00 Bastia 0 - 1 Paris SG/2_720p.mkv
france_ligue-1/2016-2017/2016-09-16 - 21-45 Caen 0 - 6 Paris SG/1_720p.mkv
france_ligue-1/2016-2017/2016-09-16 - 21-45 Caen 0 - 6 Paris SG/2_720p.mkv
france_ligue-1/2016-2017/2016-09-23 - 21-45 Toulouse 2 - 0 Paris SG/1_720p.mkv
france_ligue-1/2016-2017/2016-09-23 - 21-45 Toulouse 2 - 0 Paris SG/2_720p.mkv
france_ligue-1/2016-2017/2016-10-01 - 18-00 Paris SG 2 - 0 Bordeaux/1_720p.mkv
france_ligue-1/2016-2017/2016-10-01 - 18-00 Paris SG 2 - 0 Bordeaux/2_720p.mkv
france_ligue-1/2016-2017/2016-10-15 - 18-00 Nancy 1 - 2 Paris SG/1_720p.mkv
france_ligue-1/2016-2017/2016-10-15 - 18-00 Nancy 1 - 2 Paris SG/2_720p.mkv
france_ligue-1/2016-2017/2016-10-28 - 21-45 Lille 0 - 1 Paris SG/1_720p.mkv
france_ligue-1/2016-2017/2016-10-28 - 21-45 Lille 0 - 1 Paris SG/2_720p.mkv
france_ligue-1/2016-2017/2016-11-06 - 22-45 Paris SG 4 - 0 Rennes/1_720p.mkv
france_ligue-1/2016-2017/2016-11-06 - 22-45 Paris SG 4 - 0 Rennes/2_720p.mkv
france_ligue-1/2016-2017/2016-11-19 - 19-00 Paris SG 2 - 0 Nantes/1_720p.mkv
france_ligue-1/2016-2017/2016-11-19 - 19-00 Paris SG 2 - 0 Nantes/2_720p.mkv
france_ligue-1/2016-2017/2016-11-27 - 22-45 Lyon 1 - 2 Paris SG/1_720p.mkv
france_ligue-1/2016-2017/2016-11-27 - 22-45 Lyon 1 - 2 Paris SG/2_720p.mkv
france_ligue-1/2016-2017/2016-12-11 - 22-45 Paris SG 2 - 2 Nice/1_720p.mkv
france_ligue-1/2016-2017/2016-12-11 - 22-45 Paris SG 2 - 2 Nice/2_720p.mkv
france_ligue-1/2016-2017/2016-12-17 - 19-00 Guingamp 2 - 1 Paris SG/1_720p.mkv
france_ligue-1/2016-2017/2016-12-17 - 19-00 Guingamp 2 - 1 Paris SG/2_720p.mkv
france_ligue-1/2016-2017/2016-12-21 - 22-50 Paris SG 5 - 0 Lorient/1_720p.mkv
france_ligue-1/2016-2017/2016-12-21 - 22-50 Paris SG 5 - 0 Lorient/2_720p.mkv
france_ligue-1/2016-2017/2017-01-21 - 19-00 Nantes 0 - 2 Paris SG/1_720p.mkv
france_ligue-1/2016-2017/2017-01-21 - 19-00 Nantes 0 - 2 Paris SG/2_720p.mkv
france_ligue-1/2016-2017/2017-02-10 - 22-45 Bordeaux 0 - 3 Paris SG/1_720p.mkv
france_ligue-1/2016-2017/2017-02-10 - 22-45 Bordeaux 0 - 3 Paris SG/2_720p.mkv
france_ligue-1/2016-2017/2017-02-19 - 23-00 Paris SG 0 - 0 Toulouse/1_720p.mkv
france_ligue-1/2016-2017/2017-02-19 - 23-00 Paris SG 0 - 0 Toulouse/2_720p.mkv
france_ligue-1/2016-2017/2017-02-26 - 23-00 Marseille 1 - 5 Paris SG/1_720p.mkv
france_ligue-1/2016-2017/2017-02-26 - 23-00 Marseille 1 - 5 Paris SG/2_720p.mkv
france_ligue-1/2016-2017/2017-03-12 - 23-00 Lorient 1 - 2 Paris SG/1_720p.mkv
france_ligue-1/2016-2017/2017-03-12 - 23-00 Lorient 1 - 2 Paris SG/2_720p.mkv
france_ligue-1/2016-2017/2017-03-19 - 23-00 Paris SG 2 - 1 Lyon/1_720p.mkv
france_ligue-1/2016-2017/2017-03-19 - 23-00 Paris SG 2 - 1 Lyon/2_720p.mkv
france_ligue-1/2016-2017/2017-04-14 - 21-45 Angers 0 - 2 Paris SG/1_720p.mkv
france_ligue-1/2016-2017/2017-04-14 - 21-45 Angers 0 - 2 Paris SG/2_720p.mkv
france_ligue-1/2016-2017/2017-04-18 - 19-30 Metz 2 - 3 Paris SG/1_720p.mkv
france_ligue-1/2016-2017/2017-04-18 - 19-30 Metz 2 - 3 Paris SG/2_720p.mkv
france_ligue-1/2016-2017/2017-04-22 - 18-00 Paris SG 2 - 0 Montpellier/1_720p.mkv
france_ligue-1/2016-2017/2017-04-22 - 18-00 Paris SG 2 - 0 Montpellier/2_720p.mkv
france_ligue-1/2016-2017/2017-04-30 - 22-00 Nice 3 - 1 Paris SG/1_720p.mkv
france_ligue-1/2016-2017/2017-04-30 - 22-00 Nice 3 - 1 Paris SG/2_720p.mkv
france_ligue-1/2016-2017/2017-05-06 - 18-00 Paris SG 5 - 0 Bastia/1_720p.mkv
france_ligue-1/2016-2017/2017-05-06 - 18-00 Paris SG 5 - 0 Bastia/2_720p.mkv
france_ligue-1/2016-2017/2017-05-20 - 22-00 Paris SG 1 - 1 Caen/1_720p.mkv
france_ligue-1/2016-2017/2017-05-20 - 22-00 Paris SG 1 - 1 Caen/2_720p.mkv
germany_bundesliga/2014-2015/2015-02-21 - 17-30 Paderborn 0 - 6 Bayern Munich/1_720p.mkv
germany_bundesliga/2014-2015/2015-02-21 - 17-30 Paderborn 0 - 6 Bayern Munich/2_720p.mkv
germany_bundesliga/2014-2015/2015-04-11 - 16-30 Bayern Munich 3 - 0 Eintracht Frankfurt/1_720p.mkv
germany_bundesliga/2014-2015/2015-04-11 - 16-30 Bayern Munich 3 - 0 Eintracht Frankfurt/2_720p.mkv
germany_bundesliga/2014-2015/2015-04-25 - 16-30 Dortmund 2 - 0 Eintracht Frankfurt/1_720p.mkv
germany_bundesliga/2014-2015/2015-04-25 - 16-30 Dortmund 2 - 0 Eintracht Frankfurt/2_720p.mkv
germany_bundesliga/2014-2015/2015-05-09 - 16-30 Dortmund 2 - 0 Hertha Berlin/1_720p.mkv
germany_bundesliga/2014-2015/2015-05-09 - 16-30 Dortmund 2 - 0 Hertha Berlin/2_720p.mkv
germany_bundesliga/2014-2015/2015-05-16 - 16-30 Wolfsburg 2 - 1 Dortmund/1_720p.mkv
germany_bundesliga/2014-2015/2015-05-16 - 16-30 Wolfsburg 2 - 1 Dortmund/2_720p.mkv
germany_bundesliga/2015-2016/2015-08-22 - 16-30 Hoffenheim 1 - 2 Bayern Munich/1_720p.mkv
germany_bundesliga/2015-2016/2015-08-22 - 16-30 Hoffenheim 1 - 2 Bayern Munich/2_720p.mkv
germany_bundesliga/2015-2016/2015-08-30 - 16-30 Dortmund 3 - 1 Hertha Berlin/1_720p.mkv
germany_bundesliga/2015-2016/2015-08-30 - 16-30 Dortmund 3 - 1 Hertha Berlin/2_720p.mkv
germany_bundesliga/2015-2016/2015-09-19 - 16-30 Darmstadt 0 - 3 Bayern Munich/1_720p.mkv
germany_bundesliga/2015-2016/2015-09-19 - 16-30 Darmstadt 0 - 3 Bayern Munich/2_720p.mkv
germany_bundesliga/2015-2016/2015-09-22 - 21-00 Bayern Munich 5 - 1 Wolfsburg/1_720p.mkv
germany_bundesliga/2015-2016/2015-09-22 - 21-00 Bayern Munich 5 - 1 Wolfsburg/2_720p.mkv
germany_bundesliga/2015-2016/2015-09-26 - 16-30 1. FSV Mainz 05 0 - 3 Bayern Munich/1_720p.mkv
germany_bundesliga/2015-2016/2015-09-26 - 16-30 1. FSV Mainz 05 0 - 3 Bayern Munich/2_720p.mkv
germany_bundesliga/2015-2016/2015-12-12 - 17-30 Bayern Munich 2 - 0 Ingolstadt/1_720p.mkv
germany_bundesliga/2015-2016/2015-12-12 - 17-30 Bayern Munich 2 - 0 Ingolstadt/2_720p.mkv
germany_bundesliga/2015-2016/2016-01-31 - 19-30 Bayern Munich 2 - 0 Hoffenheim/1_720p.mkv
germany_bundesliga/2015-2016/2016-01-31 - 19-30 Bayern Munich 2 - 0 Hoffenheim/2_720p.mkv
germany_bundesliga/2015-2016/2016-04-02 - 16-30 Bayern Munich 1 - 0 Eintracht Frankfurt/1_720p.mkv
germany_bundesliga/2015-2016/2016-04-02 - 16-30 Bayern Munich 1 - 0 Eintracht Frankfurt/2_720p.mkv
germany_bundesliga/2015-2016/2016-04-09 - 16-30 VfB Stuttgart 1 - 3 Bayern Munich/1_720p.mkv
germany_bundesliga/2015-2016/2016-04-09 - 16-30 VfB Stuttgart 1 - 3 Bayern Munich/2_720p.mkv
germany_bundesliga/2015-2016/2016-04-16 - 19-30 Bayern Munich 3 - 0 Schalke/1_720p.mkv
germany_bundesliga/2015-2016/2016-04-16 - 19-30 Bayern Munich 3 - 0 Schalke/2_720p.mkv
germany_bundesliga/2016-2017/2016-09-17 - 16-30 Dortmund 6 - 0 Darmstadt/1_720p.mkv
germany_bundesliga/2016-2017/2016-09-17 - 16-30 Dortmund 6 - 0 Darmstadt/2_720p.mkv
germany_bundesliga/2016-2017/2016-09-20 - 21-00 Wolfsburg 1 - 5 Dortmund/1_720p.mkv
germany_bundesliga/2016-2017/2016-09-20 - 21-00 Wolfsburg 1 - 5 Dortmund/2_720p.mkv
germany_bundesliga/2016-2017/2016-09-23 - 21-30 Dortmund 3 - 1 SC Freiburg/1_720p.mkv
germany_bundesliga/2016-2017/2016-09-23 - 21-30 Dortmund 3 - 1 SC Freiburg/2_720p.mkv
germany_bundesliga/2016-2017/2016-10-14 - 21-30 Dortmund 1 - 1 Hertha Berlin/1_720p.mkv
germany_bundesliga/2016-2017/2016-10-14 - 21-30 Dortmund 1 - 1 Hertha Berlin/2_720p.mkv
germany_bundesliga/2016-2017/2016-10-22 - 16-30 Ingolstadt 3 - 3 Dortmund/1_720p.mkv
germany_bundesliga/2016-2017/2016-10-22 - 16-30 Ingolstadt 3 - 3 Dortmund/2_720p.mkv
germany_bundesliga/2016-2017/2016-10-29 - 19-30 Dortmund 0 - 0 Schalke/1_720p.mkv
germany_bundesliga/2016-2017/2016-10-29 - 19-30 Dortmund 0 - 0 Schalke/2_720p.mkv
germany_bundesliga/2016-2017/2016-11-26 - 17-30 Eintracht Frankfurt 2 - 1 Dortmund/1_720p.mkv
germany_bundesliga/2016-2017/2016-11-26 - 17-30 Eintracht Frankfurt 2 - 1 Dortmund/2_720p.mkv
germany_bundesliga/2016-2017/2016-12-10 - 17-30 FC Koln 1 - 1 Dortmund/1_720p.mkv
germany_bundesliga/2016-2017/2016-12-10 - 17-30 FC Koln 1 - 1 Dortmund/2_720p.mkv
germany_bundesliga/2016-2017/2016-12-20 - 22-00 Dortmund 1 - 1 FC Augsburg/1_720p.mkv
germany_bundesliga/2016-2017/2016-12-20 - 22-00 Dortmund 1 - 1 FC Augsburg/2_720p.mkv
germany_bundesliga/2016-2017/2017-02-04 - 20-30 Dortmund 1 - 0 RB Leipzig/1_720p.mkv
germany_bundesliga/2016-2017/2017-02-04 - 20-30 Dortmund 1 - 0 RB Leipzig/2_720p.mkv
germany_bundesliga/2016-2017/2017-02-11 - 17-30 Darmstadt 2 - 1 Dortmund/1_720p.mkv
germany_bundesliga/2016-2017/2017-02-11 - 17-30 Darmstadt 2 - 1 Dortmund/2_720p.mkv
germany_bundesliga/2016-2017/2017-02-18 - 17-30 Dortmund 3 - 0 Wolfsburg/1_720p.mkv
germany_bundesliga/2016-2017/2017-02-18 - 17-30 Dortmund 3 - 0 Wolfsburg/2_720p.mkv
germany_bundesliga/2016-2017/2017-03-17 - 22-30 Dortmund 1 - 0 Ingolstadt/1_720p.mkv
germany_bundesliga/2016-2017/2017-03-17 - 22-30 Dortmund 1 - 0 Ingolstadt/2_720p.mkv
germany_bundesliga/2016-2017/2017-04-01 - 16-30 Schalke 1 - 1 Dortmund/1_720p.mkv
germany_bundesliga/2016-2017/2017-04-01 - 16-30 Schalke 1 - 1 Dortmund/2_720p.mkv
germany_bundesliga/2016-2017/2017-04-15 - 16-30 Dortmund 3 - 1 Eintracht Frankfurt/1_720p.mkv
germany_bundesliga/2016-2017/2017-04-15 - 16-30 Dortmund 3 - 1 Eintracht Frankfurt/2_720p.mkv
germany_bundesliga/2016-2017/2017-05-13 - 16-30 FC Augsburg 1 - 1 Dortmund/1_720p.mkv
germany_bundesliga/2016-2017/2017-05-13 - 16-30 FC Augsburg 1 - 1 Dortmund/2_720p.mkv
italy_serie-a/2014-2015/2015-02-15 - 14-30 AC Milan 1 - 1 Empoli/1_720p.mkv
italy_serie-a/2014-2015/2015-02-15 - 14-30 AC Milan 1 - 1 Empoli/2_720p.mkv
italy_serie-a/2014-2015/2015-04-11 - 21-45 Verona 0 - 3 Inter/1_720p.mkv
italy_serie-a/2014-2015/2015-04-11 - 21-45 Verona 0 - 3 Inter/2_720p.mkv
italy_serie-a/2014-2015/2015-04-19 - 21-45 Inter 0 - 0 AC Milan/1_720p.mkv
italy_serie-a/2014-2015/2015-04-19 - 21-45 Inter 0 - 0 AC Milan/2_720p.mkv
italy_serie-a/2014-2015/2015-04-25 - 21-45 Inter 2 - 1 AS Roma/1_720p.mkv
italy_serie-a/2014-2015/2015-04-25 - 21-45 Inter 2 - 1 AS Roma/2_720p.mkv
italy_serie-a/2014-2015/2015-04-26 - 16-00 Torino 2 - 1 Juventus/1_720p.mkv
italy_serie-a/2014-2015/2015-04-26 - 16-00 Torino 2 - 1 Juventus/2_720p.mkv
italy_serie-a/2014-2015/2015-05-03 - 21-45 Napoli 3 - 0 AC Milan/1_720p.mkv
italy_serie-a/2014-2015/2015-05-03 - 21-45 Napoli 3 - 0 AC Milan/2_720p.mkv
italy_serie-a/2014-2015/2015-05-16 - 19-00 Inter 1 - 2 Juventus/1_720p.mkv
italy_serie-a/2014-2015/2015-05-16 - 19-00 Inter 1 - 2 Juventus/2_720p.mkv
italy_serie-a/2015-2016/2015-09-20 - 13-30 Chievo 0 - 1 Inter/1_720p.mkv
italy_serie-a/2015-2016/2015-09-20 - 13-30 Chievo 0 - 1 Inter/2_720p.mkv
italy_serie-a/2015-2016/2015-09-22 - 21-45 Udinese 2 - 3 AC Milan/1_720p.mkv
italy_serie-a/2015-2016/2015-09-22 - 21-45 Udinese 2 - 3 AC Milan/2_720p.mkv
italy_serie-a/2015-2016/2015-11-01 - 22-45 Lazio 1 - 3 AC Milan/1_720p.mkv
italy_serie-a/2015-2016/2015-11-01 - 22-45 Lazio 1 - 3 AC Milan/2_720p.mkv
italy_serie-a/2015-2016/2015-11-07 - 22-45 AC Milan 0 - 0 Atalanta/1_720p.mkv
italy_serie-a/2015-2016/2015-11-07 - 22-45 AC Milan 0 - 0 Atalanta/2_720p.mkv
italy_serie-a/2015-2016/2015-11-22 - 22-45 Inter 4 - 0 Frosinone/1_720p.mkv
italy_serie-a/2015-2016/2015-11-22 - 22-45 Inter 4 - 0 Frosinone/2_720p.mkv
italy_serie-a/2016-2017/2016-08-21 - 21-45 Pescara 2 - 2 Napoli/1_720p.mkv
italy_serie-a/2016-2017/2016-08-21 - 21-45 Pescara 2 - 2 Napoli/2_720p.mkv
italy_serie-a/2016-2017/2016-08-28 - 21-45 Cagliari 2 - 2 AS Roma/1_720p.mkv
italy_serie-a/2016-2017/2016-08-28 - 21-45 Cagliari 2 - 2 AS Roma/2_720p.mkv
italy_serie-a/2016-2017/2016-09-10 - 21-45 Palermo 0 - 3 Napoli/1_720p.mkv
italy_serie-a/2016-2017/2016-09-10 - 21-45 Palermo 0 - 3 Napoli/2_720p.mkv
italy_serie-a/2016-2017/2016-09-16 - 21-45 Sampdoria 0 - 1 AC Milan/1_720p.mkv
italy_serie-a/2016-2017/2016-09-16 - 21-45 Sampdoria 0 - 1 AC Milan/2_720p.mkv
italy_serie-a/2016-2017/2016-09-17 - 21-45 Napoli 3 - 1 Bologna/1_720p.mkv
italy_serie-a/2016-2017/2016-09-17 - 21-45 Napoli 3 - 1 Bologna/2_720p.mkv
italy_serie-a/2016-2017/2016-09-21 - 21-45 AS Roma 4 - 0 Crotone/1_720p.mkv
italy_serie-a/2016-2017/2016-09-21 - 21-45 AS Roma 4 - 0 Crotone/2_720p.mkv
italy_serie-a/2016-2017/2016-10-15 - 16-00 Napoli 1 - 3 AS Roma/1_720p.mkv
italy_serie-a/2016-2017/2016-10-15 - 16-00 Napoli 1 - 3 AS Roma/2_720p.mkv
italy_serie-a/2016-2017/2016-10-23 - 16-00 Crotone 1 - 2 Napoli/1_720p.mkv
italy_serie-a/2016-2017/2016-10-23 - 16-00 Crotone 1 - 2 Napoli/2_720p.mkv
italy_serie-a/2016-2017/2016-10-23 - 21-45 AS Roma 4 - 1 Palermo/1_720p.mkv
italy_serie-a/2016-2017/2016-10-23 - 21-45 AS Roma 4 - 1 Palermo/2_720p.mkv
italy_serie-a/2016-2017/2016-10-25 - 21-45 Genoa 3 - 0 AC Milan/1_720p.mkv
italy_serie-a/2016-2017/2016-10-25 - 21-45 Genoa 3 - 0 AC Milan/2_720p.mkv
italy_serie-a/2016-2017/2016-10-26 - 21-45 Napoli 2 - 0 Empoli/1_720p.mkv
italy_serie-a/2016-2017/2016-10-26 - 21-45 Napoli 2 - 0 Empoli/2_720p.mkv
italy_serie-a/2016-2017/2016-10-26 - 21-45 Sassuolo 1 - 3 AS Roma/1_720p.mkv
italy_serie-a/2016-2017/2016-10-26 - 21-45 Sassuolo 1 - 3 AS Roma/2_720p.mkv
italy_serie-a/2016-2017/2016-10-30 - 17-00 AC Milan 1 - 0 Pescara/1_720p.mkv
italy_serie-a/2016-2017/2016-10-30 - 17-00 AC Milan 1 - 0 Pescara/2_720p.mkv
italy_serie-a/2016-2017/2016-10-30 - 17-00 Empoli 0 - 0 AS Roma/1_720p.mkv
italy_serie-a/2016-2017/2016-10-30 - 17-00 Empoli 0 - 0 AS Roma/2_720p.mkv
italy_serie-a/2016-2017/2016-11-06 - 17-00 Palermo 1 - 2 AC Milan/1_720p.mkv
italy_serie-a/2016-2017/2016-11-06 - 17-00 Palermo 1 - 2 AC Milan/2_720p.mkv
italy_serie-a/2016-2017/2016-11-06 - 22-45 AS Roma 3 - 0 Bologna/1_720p.mkv
italy_serie-a/2016-2017/2016-11-06 - 22-45 AS Roma 3 - 0 Bologna/2_720p.mkv
italy_serie-a/2016-2017/2016-11-20 - 22-45 AC Milan 2 - 2 Inter/1_720p.mkv
italy_serie-a/2016-2017/2016-11-20 - 22-45 AC Milan 2 - 2 Inter/2_720p.mkv
italy_serie-a/2016-2017/2016-11-27 - 22-45 AS Roma 3 - 2 Pescara/1_720p.mkv
italy_serie-a/2016-2017/2016-11-27 - 22-45 AS Roma 3 - 2 Pescara/2_720p.mkv
italy_serie-a/2016-2017/2016-12-04 - 14-30 AC Milan 2 - 1 Crotone/1_720p.mkv
italy_serie-a/2016-2017/2016-12-04 - 14-30 AC Milan 2 - 1 Crotone/2_720p.mkv
italy_serie-a/2016-2017/2016-12-17 - 20-00 AC Milan 0 - 0 Atalanta/1_720p.mkv
italy_serie-a/2016-2017/2016-12-17 - 20-00 AC Milan 0 - 0 Atalanta/2_720p.mkv
italy_serie-a/2016-2017/2016-12-22 - 22-45 AS Roma 3 - 1 Chievo/1_720p.mkv
italy_serie-a/2016-2017/2016-12-22 - 22-45 AS Roma 3 - 1 Chievo/2_720p.mkv
italy_serie-a/2016-2017/2017-01-08 - 20-00 AC Milan 1 - 0 Cagliari/1_720p.mkv
italy_serie-a/2016-2017/2017-01-08 - 20-00 AC Milan 1 - 0 Cagliari/2_720p.mkv
italy_serie-a/2016-2017/2017-01-15 - 17-00 Napoli 3 - 1 Pescara/1_720p.mkv
italy_serie-a/2016-2017/2017-01-15 - 17-00 Napoli 3 - 1 Pescara/2_720p.mkv
italy_serie-a/2016-2017/2017-01-15 - 17-00 Udinese 0 - 1 AS Roma/1_720p.mkv
italy_serie-a/2016-2017/2017-01-15 - 17-00 Udinese 0 - 1 AS Roma/2_720p.mkv
italy_serie-a/2016-2017/2017-01-21 - 22-45 AC Milan 1 - 2 Napoli/1_720p.mkv
italy_serie-a/2016-2017/2017-01-21 - 22-45 AC Milan 1 - 2 Napoli/2_720p.mkv
italy_serie-a/2016-2017/2017-02-04 - 22-45 Bologna 1 - 7 Napoli/1_720p.mkv
italy_serie-a/2016-2017/2017-02-04 - 22-45 Bologna 1 - 7 Napoli/2_720p.mkv
italy_serie-a/2016-2017/2017-02-10 - 22-45 Napoli 2 - 0 Genoa/1_720p.mkv
italy_serie-a/2016-2017/2017-02-10 - 22-45 Napoli 2 - 0 Genoa/2_720p.mkv
italy_serie-a/2016-2017/2017-02-12 - 14-30 Crotone 0 - 2 AS Roma/1_720p.mkv
italy_serie-a/2016-2017/2017-02-12 - 14-30 Crotone 0 - 2 AS Roma/2_720p.mkv
italy_serie-a/2016-2017/2017-02-19 - 20-00 AS Roma 4 - 1 Torino/1_720p.mkv
italy_serie-a/2016-2017/2017-02-19 - 20-00 AS Roma 4 - 1 Torino/2_720p.mkv
italy_serie-a/2016-2017/2017-03-04 - 17-00 AS Roma 1 - 2 Napoli/1_720p.mkv
italy_serie-a/2016-2017/2017-03-04 - 17-00 AS Roma 1 - 2 Napoli/2_720p.mkv
italy_serie-a/2016-2017/2017-03-12 - 17-00 Napoli 3 - 0 Crotone/1_720p.mkv
italy_serie-a/2016-2017/2017-03-12 - 17-00 Napoli 3 - 0 Crotone/2_720p.mkv
italy_serie-a/2016-2017/2017-03-19 - 14-30 Empoli 2 - 3 Napoli/1_720p.mkv
italy_serie-a/2016-2017/2017-03-19 - 14-30 Empoli 2 - 3 Napoli/2_720p.mkv
italy_serie-a/2016-2017/2017-03-19 - 22-45 AS Roma 3 - 1 Sassuolo/1_720p.mkv
italy_serie-a/2016-2017/2017-03-19 - 22-45 AS Roma 3 - 1 Sassuolo/2_720p.mkv
italy_serie-a/2016-2017/2017-04-09 - 16-00 Bologna 0 - 3 AS Roma/1_720p.mkv
italy_serie-a/2016-2017/2017-04-09 - 16-00 Bologna 0 - 3 AS Roma/2_720p.mkv
italy_serie-a/2016-2017/2017-04-09 - 21-45 Lazio 0 - 3 Napoli/1_720p.mkv
italy_serie-a/2016-2017/2017-04-09 - 21-45 Lazio 0 - 3 Napoli/2_720p.mkv
italy_serie-a/2016-2017/2017-04-15 - 16-00 AS Roma 1 - 1 Atalanta/1_720p.mkv
italy_serie-a/2016-2017/2017-04-15 - 16-00 AS Roma 1 - 1 Atalanta/2_720p.mkv
italy_serie-a/2016-2017/2017-04-23 - 13-30 Sassuolo 2 - 2 Napoli/1_720p.mkv
italy_serie-a/2016-2017/2017-04-23 - 13-30 Sassuolo 2 - 2 Napoli/2_720p.mkv
italy_serie-a/2016-2017/2017-04-24 - 21-45 Pescara 1 - 4 AS Roma/1_720p.mkv
italy_serie-a/2016-2017/2017-04-24 - 21-45 Pescara 1 - 4 AS Roma/2_720p.mkv
italy_serie-a/2016-2017/2017-05-07 - 21-45 AC Milan 1 - 4 AS Roma/1_720p.mkv
italy_serie-a/2016-2017/2017-05-07 - 21-45 AC Milan 1 - 4 AS Roma/2_720p.mkv
italy_serie-a/2016-2017/2017-05-14 - 16-00 Torino 0 - 5 Napoli/1_720p.mkv
italy_serie-a/2016-2017/2017-05-14 - 16-00 Torino 0 - 5 Napoli/2_720p.mkv
italy_serie-a/2016-2017/2017-05-14 - 21-45 AS Roma 3 - 1 Juventus/1_720p.mkv
italy_serie-a/2016-2017/2017-05-14 - 21-45 AS Roma 3 - 1 Juventus/2_720p.mkv
italy_serie-a/2016-2017/2017-05-20 - 19-00 Chievo 3 - 5 AS Roma/1_720p.mkv
italy_serie-a/2016-2017/2017-05-20 - 19-00 Chievo 3 - 5 AS Roma/2_720p.mkv
italy_serie-a/2016-2017/2017-05-28 - 19-00 AS Roma 3 - 2 Genoa/1_720p.mkv
italy_serie-a/2016-2017/2017-05-28 - 19-00 AS Roma 3 - 2 Genoa/2_720p.mkv
italy_serie-a/2016-2017/2017-05-28 - 19-00 Sampdoria 2 - 4 Napoli/1_720p.mkv
italy_serie-a/2016-2017/2017-05-28 - 19-00 Sampdoria 2 - 4 Napoli/2_720p.mkv
spain_laliga/2014-2015/2015-02-21 - 18-00 Barcelona 0 - 1 Malaga/1_720p.mkv
spain_laliga/2014-2015/2015-02-21 - 18-00 Barcelona 0 - 1 Malaga/2_720p.mkv
spain_laliga/2014-2015/2015-02-22 - 23-00 Elche 0 - 2 Real Madrid/1_720p.mkv
spain_laliga/2014-2015/2015-02-22 - 23-00 Elche 0 - 2 Real Madrid/2_720p.mkv
spain_laliga/2014-2015/2015-05-09 - 21-00 Real Madrid 2 - 2 Valencia/1_720p.mkv
spain_laliga/2014-2015/2015-05-09 - 21-00 Real Madrid 2 - 2 Valencia/2_720p.mkv
spain_laliga/2014-2015/2015-05-17 - 20-00 Atl. Madrid 0 - 1 Barcelona/1_720p.mkv
spain_laliga/2014-2015/2015-05-17 - 20-00 Atl. Madrid 0 - 1 Barcelona/2_720p.mkv
spain_laliga/2014-2015/2015-05-17 - 20-00 Espanyol 1 - 4 Real Madrid/1_720p.mkv
spain_laliga/2014-2015/2015-05-17 - 20-00 Espanyol 1 - 4 Real Madrid/2_720p.mkv
spain_laliga/2014-2015/2015-05-23 - 19-30 Barcelona 2 - 2 Dep. La Coruna/1_720p.mkv
spain_laliga/2014-2015/2015-05-23 - 19-30 Barcelona 2 - 2 Dep. La Coruna/2_720p.mkv
spain_laliga/2015-2016/2015-08-29 - 21-30 Barcelona 1 - 0 Malaga/1_720p.mkv
spain_laliga/2015-2016/2015-08-29 - 21-30 Barcelona 1 - 0 Malaga/2_720p.mkv
spain_laliga/2015-2016/2015-09-12 - 17-00 Espanyol 0 - 6 Real Madrid/1_720p.mkv
spain_laliga/2015-2016/2015-09-12 - 17-00 Espanyol 0 - 6 Real Madrid/2_720p.mkv
spain_laliga/2015-2016/2015-09-23 - 22-00 Ath Bilbao 1 - 2 Real Madrid/1_720p.mkv
spain_laliga/2015-2016/2015-09-23 - 22-00 Ath Bilbao 1 - 2 Real Madrid/2_720p.mkv
spain_laliga/2015-2016/2015-09-26 - 19-15 Real Madrid 0 - 0 Malaga/1_720p.mkv
spain_laliga/2015-2016/2015-09-26 - 19-15 Real Madrid 0 - 0 Malaga/2_720p.mkv
spain_laliga/2015-2016/2015-10-04 - 21-30 Atl. Madrid 1 - 1 Real Madrid/1_720p.mkv
spain_laliga/2015-2016/2015-10-04 - 21-30 Atl. Madrid 1 - 1 Real Madrid/2_720p.mkv
spain_laliga/2015-2016/2015-11-21 - 20-15 Real Madrid 0 - 4 Barcelona/1_720p.mkv
spain_laliga/2015-2016/2015-11-21 - 20-15 Real Madrid 0 - 4 Barcelona/2_720p.mkv
spain_laliga/2015-2016/2015-11-29 - 18-00 Eibar 0 - 2 Real Madrid/1_720p.mkv
spain_laliga/2015-2016/2015-11-29 - 18-00 Eibar 0 - 2 Real Madrid/2_720p.mkv
spain_laliga/2015-2016/2016-01-24 - 22-30 Betis 1 - 1 Real Madrid/1_720p.mkv
spain_laliga/2015-2016/2016-01-24 - 22-30 Betis 1 - 1 Real Madrid/2_720p.mkv
spain_laliga/2015-2016/2016-01-31 - 22-30 Real Madrid 6 - 0 Espanyol/1_720p.mkv
spain_laliga/2015-2016/2016-01-31 - 22-30 Real Madrid 6 - 0 Espanyol/2_720p.mkv
spain_laliga/2015-2016/2016-02-07 - 22-30 Granada CF 1 - 2 Real Madrid/1_720p.mkv
spain_laliga/2015-2016/2016-02-07 - 22-30 Granada CF 1 - 2 Real Madrid/2_720p.mkv
spain_laliga/2015-2016/2016-02-21 - 18-00 Malaga 1 - 1 Real Madrid/1_720p.mkv
spain_laliga/2015-2016/2016-02-21 - 18-00 Malaga 1 - 1 Real Madrid/2_720p.mkv
spain_laliga/2015-2016/2016-03-05 - 18-00 Real Madrid 7 - 1 Celta Vigo/1_720p.mkv
spain_laliga/2015-2016/2016-03-05 - 18-00 Real Madrid 7 - 1 Celta Vigo/2_720p.mkv
spain_laliga/2015-2016/2016-03-13 - 22-30 Las Palmas 1 - 2 Real Madrid/1_720p.mkv
spain_laliga/2015-2016/2016-03-13 - 22-30 Las Palmas 1 - 2 Real Madrid/2_720p.mkv
spain_laliga/2015-2016/2016-04-02 - 21-30 Barcelona 1 - 2 Real Madrid/1_720p.mkv
spain_laliga/2015-2016/2016-04-02 - 21-30 Barcelona 1 - 2 Real Madrid/2_720p.mkv
spain_laliga/2015-2016/2016-04-09 - 17-00 Real Madrid 4 - 0 Eibar/1_720p.mkv
spain_laliga/2015-2016/2016-04-09 - 17-00 Real Madrid 4 - 0 Eibar/2_720p.mkv
spain_laliga/2015-2016/2016-04-16 - 17-00 Getafe 1 - 5 Real Madrid/1_720p.mkv
spain_laliga/2015-2016/2016-04-16 - 17-00 Getafe 1 - 5 Real Madrid/2_720p.mkv
spain_laliga/2015-2016/2016-04-20 - 23-00 Real Madrid 3 - 0 Villarreal/1_720p.mkv
spain_laliga/2015-2016/2016-04-20 - 23-00 Real Madrid 3 - 0 Villarreal/2_720p.mkv
spain_laliga/2015-2016/2016-04-30 - 17-00 Real Sociedad 0 - 1 Real Madrid/1_720p.mkv
spain_laliga/2015-2016/2016-04-30 - 17-00 Real Sociedad 0 - 1 Real Madrid/2_720p.mkv
spain_laliga/2016-2017/2016-08-20 - 19-15 Barcelona 6 - 2 Betis/1_720p.mkv
spain_laliga/2016-2017/2016-08-20 - 19-15 Barcelona 6 - 2 Betis/2_720p.mkv
spain_laliga/2016-2017/2016-08-27 - 21-15 Real Madrid 2 - 1 Celta Vigo/1_720p.mkv
spain_laliga/2016-2017/2016-08-27 - 21-15 Real Madrid 2 - 1 Celta Vigo/2_720p.mkv
spain_laliga/2016-2017/2016-08-28 - 21-15 Ath Bilbao 0 - 1 Barcelona/1_720p.mkv
spain_laliga/2016-2017/2016-08-28 - 21-15 Ath Bilbao 0 - 1 Barcelona/2_720p.mkv
spain_laliga/2016-2017/2016-09-18 - 21-45 Espanyol 0 - 2 Real Madrid/1_720p.mkv
spain_laliga/2016-2017/2016-09-18 - 21-45 Espanyol 0 - 2 Real Madrid/2_720p.mkv
spain_laliga/2016-2017/2016-09-21 - 23-00 Barcelona 1 - 1 Atl. Madrid/1_720p.mkv
spain_laliga/2016-2017/2016-09-21 - 23-00 Barcelona 1 - 1 Atl. Madrid/2_720p.mkv
spain_laliga/2016-2017/2016-10-02 - 17-15 Real Madrid 1 - 1 Eibar/1_720p.mkv
spain_laliga/2016-2017/2016-10-02 - 17-15 Real Madrid 1 - 1 Eibar/2_720p.mkv
spain_laliga/2016-2017/2016-10-15 - 21-45 Betis 1 - 6 Real Madrid/1_720p.mkv
spain_laliga/2016-2017/2016-10-15 - 21-45 Betis 1 - 6 Real Madrid/2_720p.mkv
spain_laliga/2016-2017/2016-10-22 - 17-15 Valencia 2 - 3 Barcelona/1_720p.mkv
spain_laliga/2016-2017/2016-10-22 - 17-15 Valencia 2 - 3 Barcelona/2_720p.mkv
spain_laliga/2016-2017/2016-10-29 - 17-15 Alaves 1 - 4 Real Madrid/1_720p.mkv
spain_laliga/2016-2017/2016-10-29 - 17-15 Alaves 1 - 4 Real Madrid/2_720p.mkv
spain_laliga/2016-2017/2016-10-29 - 21-45 Barcelona 1 - 0 Granada CF/1_720p.mkv
spain_laliga/2016-2017/2016-10-29 - 21-45 Barcelona 1 - 0 Granada CF/2_720p.mkv
spain_laliga/2016-2017/2016-11-06 - 14-00 Real Madrid 3 - 0 Leganes/1_720p.mkv
spain_laliga/2016-2017/2016-11-06 - 14-00 Real Madrid 3 - 0 Leganes/2_720p.mkv
spain_laliga/2016-2017/2016-11-19 - 18-15 Barcelona 0 - 0 Malaga/1_720p.mkv
spain_laliga/2016-2017/2016-11-19 - 18-15 Barcelona 0 - 0 Malaga/2_720p.mkv
spain_laliga/2016-2017/2016-11-19 - 22-45 Atl. Madrid 0 - 3 Real Madrid/1_720p.mkv
spain_laliga/2016-2017/2016-11-19 - 22-45 Atl. Madrid 0 - 3 Real Madrid/2_720p.mkv
spain_laliga/2016-2017/2016-11-27 - 22-45 Real Sociedad 1 - 1 Barcelona/1_720p.mkv
spain_laliga/2016-2017/2016-11-27 - 22-45 Real Sociedad 1 - 1 Barcelona/2_720p.mkv
spain_laliga/2016-2017/2016-12-03 - 18-15 Barcelona 1 - 1 Real Madrid/1_720p.mkv
spain_laliga/2016-2017/2016-12-03 - 18-15 Barcelona 1 - 1 Real Madrid/2_720p.mkv
spain_laliga/2016-2017/2016-12-10 - 22-45 Real Madrid 3 - 2 Dep. La Coruna/1_720p.mkv
spain_laliga/2016-2017/2016-12-10 - 22-45 Real Madrid 3 - 2 Dep. La Coruna/2_720p.mkv
spain_laliga/2016-2017/2017-01-08 - 22-45 Villarreal 1 - 1 Barcelona/1_720p.mkv
spain_laliga/2016-2017/2017-01-08 - 22-45 Villarreal 1 - 1 Barcelona/2_720p.mkv
spain_laliga/2016-2017/2017-01-14 - 18-15 Barcelona 5 - 0 Las Palmas/1_720p.mkv
spain_laliga/2016-2017/2017-01-14 - 18-15 Barcelona 5 - 0 Las Palmas/2_720p.mkv
spain_laliga/2016-2017/2017-01-15 - 22-45 Sevilla 2 - 1 Real Madrid/1_720p.mkv
spain_laliga/2016-2017/2017-01-15 - 22-45 Sevilla 2 - 1 Real Madrid/2_720p.mkv
spain_laliga/2016-2017/2017-01-29 - 14-00 Betis 1 - 1 Barcelona/1_720p.mkv
spain_laliga/2016-2017/2017-01-29 - 14-00 Betis 1 - 1 Barcelona/2_720p.mkv
spain_laliga/2016-2017/2017-01-29 - 22-45 Real Madrid 3 - 0 Real Sociedad/1_720p.mkv
spain_laliga/2016-2017/2017-01-29 - 22-45 Real Madrid 3 - 0 Real Sociedad/2_720p.mkv
spain_laliga/2016-2017/2017-02-19 - 22-45 Barcelona 2 - 1 Leganes/1_720p.mkv
spain_laliga/2016-2017/2017-02-19 - 22-45 Barcelona 2 - 1 Leganes/2_720p.mkv
spain_laliga/2016-2017/2017-02-26 - 18-15 Atl. Madrid 1 - 2 Barcelona/1_720p.mkv
spain_laliga/2016-2017/2017-02-26 - 18-15 Atl. Madrid 1 - 2 Barcelona/2_720p.mkv
spain_laliga/2016-2017/2017-02-26 - 22-45 Villarreal 2 - 3 Real Madrid/1_720p.mkv
spain_laliga/2016-2017/2017-02-26 - 22-45 Villarreal 2 - 3 Real Madrid/2_720p.mkv
spain_laliga/2016-2017/2017-03-01 - 21-30 Barcelona 6 - 1 Gijon/1_720p.mkv
spain_laliga/2016-2017/2017-03-01 - 21-30 Barcelona 6 - 1 Gijon/2_720p.mkv
spain_laliga/2016-2017/2017-03-01 - 23-30 Real Madrid 3 - 3 Las Palmas/1_720p.mkv
spain_laliga/2016-2017/2017-03-01 - 23-30 Real Madrid 3 - 3 Las Palmas/2_720p.mkv
spain_laliga/2016-2017/2017-03-04 - 18-15 Eibar 1 - 4 Real Madrid/1_720p.mkv
spain_laliga/2016-2017/2017-03-04 - 18-15 Eibar 1 - 4 Real Madrid/2_720p.mkv
spain_laliga/2016-2017/2017-03-04 - 22-45 Barcelona 5 - 0 Celta Vigo/1_720p.mkv
spain_laliga/2016-2017/2017-03-04 - 22-45 Barcelona 5 - 0 Celta Vigo/2_720p.mkv
spain_laliga/2016-2017/2017-03-12 - 18-15 Dep. La Coruna 2 - 1 Barcelona/1_720p.mkv
spain_laliga/2016-2017/2017-03-12 - 18-15 Dep. La Coruna 2 - 1 Barcelona/2_720p.mkv
spain_laliga/2016-2017/2017-03-18 - 18-15 Ath Bilbao 1 - 2 Real Madrid/1_720p.mkv
spain_laliga/2016-2017/2017-03-18 - 18-15 Ath Bilbao 1 - 2 Real Madrid/2_720p.mkv
spain_laliga/2016-2017/2017-03-19 - 22-45 Barcelona 4 - 2 Valencia/1_720p.mkv
spain_laliga/2016-2017/2017-03-19 - 22-45 Barcelona 4 - 2 Valencia/2_720p.mkv
spain_laliga/2016-2017/2017-04-02 - 21-45 Granada CF 1 - 4 Barcelona/1_720p.mkv
spain_laliga/2016-2017/2017-04-02 - 21-45 Granada CF 1 - 4 Barcelona/2_720p.mkv
spain_laliga/2016-2017/2017-04-05 - 22-30 Leganes 2 - 4 Real Madrid/1_720p.mkv
spain_laliga/2016-2017/2017-04-05 - 22-30 Leganes 2 - 4 Real Madrid/2_720p.mkv
spain_laliga/2016-2017/2017-04-15 - 17-15 Gijon 2 - 3 Real Madrid/1_720p.mkv
spain_laliga/2016-2017/2017-04-15 - 17-15 Gijon 2 - 3 Real Madrid/2_720p.mkv
spain_laliga/2016-2017/2017-04-15 - 21-45 Barcelona 3 - 2 Real Sociedad/1_720p.mkv
spain_laliga/2016-2017/2017-04-15 - 21-45 Barcelona 3 - 2 Real Sociedad/2_720p.mkv
spain_laliga/2016-2017/2017-04-26 - 22-30 Dep. La Coruna 2 - 6 Real Madrid/1_720p.mkv
spain_laliga/2016-2017/2017-04-26 - 22-30 Dep. La Coruna 2 - 6 Real Madrid/2_720p.mkv
spain_laliga/2016-2017/2017-05-06 - 19-30 Barcelona 4 - 1 Villarreal/1_720p.mkv
spain_laliga/2016-2017/2017-05-06 - 19-30 Barcelona 4 - 1 Villarreal/2_720p.mkv
spain_laliga/2016-2017/2017-05-06 - 21-45 Granada CF 0 - 4 Real Madrid/1_720p.mkv
spain_laliga/2016-2017/2017-05-06 - 21-45 Granada CF 0 - 4 Real Madrid/2_720p.mkv
spain_laliga/2016-2017/2017-05-14 - 21-00 Real Madrid 4 - 1 Sevilla/1_720p.mkv
spain_laliga/2016-2017/2017-05-14 - 21-00 Real Madrid 4 - 1 Sevilla/2_720p.mkv
spain_laliga/2016-2017/2017-05-17 - 22-00 Celta Vigo 1 - 4 Real Madrid/1_720p.mkv
spain_laliga/2016-2017/2017-05-17 - 22-00 Celta Vigo 1 - 4 Real Madrid/2_720p.mkv
spain_laliga/2016-2017/2017-05-21 - 21-00 Barcelona 4 - 2 Eibar/1_720p.mkv
spain_laliga/2016-2017/2017-05-21 - 21-00 Barcelona 4 - 2 Eibar/2_720p.mkv
spain_laliga/2016-2017/2017-05-21 - 21-00 Malaga 0 - 2 Real Madrid/1_720p.mkv
spain_laliga/2016-2017/2017-05-21 - 21-00 Malaga 0 - 2 Real Madrid/2_720p.mkv
england_epl/2014-2015/2015-04-11 - 19-30 Burnley 0 - 1 Arsenal/1_720p.mkv
england_epl/2014-2015/2015-04-11 - 19-30 Burnley 0 - 1 Arsenal/2_720p.mkv
england_epl/2015-2016/2015-08-30 - 18-00 Swansea 2 - 1 Manchester United/1_720p.mkv
england_epl/2015-2016/2015-08-30 - 18-00 Swansea 2 - 1 Manchester United/2_720p.mkv
england_epl/2015-2016/2015-09-26 - 17-00 Leicester 2 - 5 Arsenal/1_720p.mkv
england_epl/2015-2016/2015-09-26 - 17-00 Leicester 2 - 5 Arsenal/2_720p.mkv
england_epl/2015-2016/2015-09-26 - 17-00 Manchester United 3 - 0 Sunderland/1_720p.mkv
england_epl/2015-2016/2015-09-26 - 17-00 Manchester United 3 - 0 Sunderland/2_720p.mkv
england_epl/2015-2016/2015-10-03 - 17-00 Manchester City 6 - 1 Newcastle Utd/1_720p.mkv
england_epl/2015-2016/2015-10-03 - 17-00 Manchester City 6 - 1 Newcastle Utd/2_720p.mkv
england_epl/2015-2016/2015-12-26 - 18-00 Chelsea 2 - 2 Watford/1_720p.mkv
england_epl/2015-2016/2015-12-26 - 18-00 Chelsea 2 - 2 Watford/2_720p.mkv
england_epl/2015-2016/2016-01-23 - 20-30 West Ham 2 - 2 Manchester City/1_720p.mkv
england_epl/2015-2016/2016-01-23 - 20-30 West Ham 2 - 2 Manchester City/2_720p.mkv
england_epl/2015-2016/2016-01-24 - 19-00 Arsenal 0 - 1 Chelsea/1_720p.mkv
england_epl/2015-2016/2016-01-24 - 19-00 Arsenal 0 - 1 Chelsea/2_720p.mkv
england_epl/2015-2016/2016-02-13 - 20-30 Chelsea 5 - 1 Newcastle Utd/1_720p.mkv
england_epl/2015-2016/2016-02-13 - 20-30 Chelsea 5 - 1 Newcastle Utd/2_720p.mkv
england_epl/2015-2016/2016-02-27 - 18-00 Southampton 1 - 2 Chelsea/1_720p.mkv
england_epl/2015-2016/2016-02-27 - 18-00 Southampton 1 - 2 Chelsea/2_720p.mkv
england_epl/2015-2016/2016-03-05 - 18-00 Manchester City 4 - 0 Aston Villa/1_720p.mkv
england_epl/2015-2016/2016-03-05 - 18-00 Manchester City 4 - 0 Aston Villa/2_720p.mkv
england_epl/2015-2016/2016-03-20 - 19-00 Manchester City 0 - 1 Manchester United/1_720p.mkv
england_epl/2015-2016/2016-03-20 - 19-00 Manchester City 0 - 1 Manchester United/2_720p.mkv
england_epl/2015-2016/2016-04-23 - 17-00 Bournemouth 1 - 4 Chelsea/1_720p.mkv
england_epl/2015-2016/2016-04-23 - 17-00 Bournemouth 1 - 4 Chelsea/2_720p.mkv
england_epl/2016-2017/2016-10-01 - 14-30 Swansea 1 - 2 Liverpool/1_720p.mkv
england_epl/2016-2017/2016-10-01 - 14-30 Swansea 1 - 2 Liverpool/2_720p.mkv
england_epl/2016-2017/2016-10-02 - 18-30 Burnley 0 - 1 Arsenal/1_720p.mkv
england_epl/2016-2017/2016-10-02 - 18-30 Burnley 0 - 1 Arsenal/2_720p.mkv
england_epl/2016-2017/2016-10-22 - 17-00 Arsenal 0 - 0 Middlesbrough/1_720p.mkv
england_epl/2016-2017/2016-10-22 - 17-00 Arsenal 0 - 0 Middlesbrough/2_720p.mkv
england_epl/2016-2017/2016-10-29 - 19-30 Crystal Palace 2 - 4 Liverpool/1_720p.mkv
england_epl/2016-2017/2016-10-29 - 19-30 Crystal Palace 2 - 4 Liverpool/2_720p.mkv
england_epl/2016-2017/2016-12-04 - 16-30 Bournemouth 4 - 3 Liverpool/1_720p.mkv
england_epl/2016-2017/2016-12-04 - 16-30 Bournemouth 4 - 3 Liverpool/2_720p.mkv
england_epl/2016-2017/2017-04-09 - 18-00 Everton 4 - 2 Leicester/1_720p.mkv
england_epl/2016-2017/2017-04-09 - 18-00 Everton 4 - 2 Leicester/2_720p.mkv
europe_uefa-champions-league/2014-2015/2014-11-04 - 22-45 Real Madrid 1 - 0 Liverpool/1_720p.mkv
europe_uefa-champions-league/2014-2015/2014-11-04 - 22-45 Real Madrid 1 - 0 Liverpool/2_720p.mkv
europe_uefa-champions-league/2014-2015/2014-11-05 - 22-45 Ajax 0 - 2 Barcelona/1_720p.mkv
europe_uefa-champions-league/2014-2015/2014-11-05 - 22-45 Ajax 0 - 2 Barcelona/2_720p.mkv
europe_uefa-champions-league/2014-2015/2014-11-05 - 22-45 Manchester City 1 - 2 CSKA Moscow/1_720p.mkv
europe_uefa-champions-league/2014-2015/2014-11-05 - 22-45 Manchester City 1 - 2 CSKA Moscow/2_720p.mkv
europe_uefa-champions-league/2014-2015/2014-12-09 - 22-45 Galatasaray 1 - 4 Arsenal/1_720p.mkv
europe_uefa-champions-league/2014-2015/2014-12-09 - 22-45 Galatasaray 1 - 4 Arsenal/2_720p.mkv
europe_uefa-champions-league/2014-2015/2014-12-09 - 22-45 Real Madrid 4 - 0 Ludogorets/1_720p.mkv
europe_uefa-champions-league/2014-2015/2014-12-09 - 22-45 Real Madrid 4 - 0 Ludogorets/2_720p.mkv
europe_uefa-champions-league/2014-2015/2015-03-11 - 22-45 Bayern Munich 7 - 0 Shakhtar Donetsk/1_720p.mkv
europe_uefa-champions-league/2014-2015/2015-03-11 - 22-45 Bayern Munich 7 - 0 Shakhtar Donetsk/2_720p.mkv
europe_uefa-champions-league/2014-2015/2015-04-15 - 21-45 Paris SG 1 - 3 Barcelona/1_720p.mkv
europe_uefa-champions-league/2014-2015/2015-04-15 - 21-45 Paris SG 1 - 3 Barcelona/2_720p.mkv
europe_uefa-champions-league/2014-2015/2015-04-21 - 21-45 Barcelona 2 - 0 Paris SG/1_720p.mkv
europe_uefa-champions-league/2014-2015/2015-04-21 - 21-45 Barcelona 2 - 0 Paris SG/2_720p.mkv
europe_uefa-champions-league/2015-2016/2015-09-15 - 21-45 PSV 2 - 1 Manchester United/1_720p.mkv
europe_uefa-champions-league/2015-2016/2015-09-15 - 21-45 PSV 2 - 1 Manchester United/2_720p.mkv
europe_uefa-champions-league/2015-2016/2015-09-16 - 21-45 Chelsea 4 - 0 Maccabi Tel Aviv/1_720p.mkv
europe_uefa-champions-league/2015-2016/2015-09-16 - 21-45 Chelsea 4 - 0 Maccabi Tel Aviv/2_720p.mkv
europe_uefa-champions-league/2015-2016/2015-09-16 - 21-45 Dyn. Kiev 2 - 2 FC Porto/1_720p.mkv
europe_uefa-champions-league/2015-2016/2015-09-16 - 21-45 Dyn. Kiev 2 - 2 FC Porto/2_720p.mkv
europe_uefa-champions-league/2015-2016/2015-09-16 - 21-45 Olympiakos Piraeus 0 - 3 Bayern Munich/1_720p.mkv
europe_uefa-champions-league/2015-2016/2015-09-16 - 21-45 Olympiakos Piraeus 0 - 3 Bayern Munich/2_720p.mkv
europe_uefa-champions-league/2015-2016/2015-09-29 - 21-45 Barcelona 2 - 1 Bayer Leverkusen/1_720p.mkv
europe_uefa-champions-league/2015-2016/2015-09-29 - 21-45 Barcelona 2 - 1 Bayer Leverkusen/2_720p.mkv
europe_uefa-champions-league/2015-2016/2015-09-29 - 21-45 FC Porto 2 - 1 Chelsea/1_720p.mkv
europe_uefa-champions-league/2015-2016/2015-09-29 - 21-45 FC Porto 2 - 1 Chelsea/2_720p.mkv
europe_uefa-champions-league/2015-2016/2015-11-03 - 22-45 Benfica 2 - 1 Galatasaray/1_720p.mkv
europe_uefa-champions-league/2015-2016/2015-11-03 - 22-45 Benfica 2 - 1 Galatasaray/2_720p.mkv
europe_uefa-champions-league/2015-2016/2015-11-04 - 22-45 Barcelona 3 - 0 BATE/1_720p.mkv
europe_uefa-champions-league/2015-2016/2015-11-04 - 22-45 Barcelona 3 - 0 BATE/2_720p.mkv
europe_uefa-champions-league/2015-2016/2015-11-24 - 20-00 BATE 1 - 1 Bayer Leverkusen/1_720p.mkv
europe_uefa-champions-league/2015-2016/2015-11-24 - 20-00 BATE 1 - 1 Bayer Leverkusen/2_720p.mkv
europe_uefa-champions-league/2015-2016/2015-11-25 - 22-45 Juventus 1 - 0 Manchester City/1_720p.mkv
europe_uefa-champions-league/2015-2016/2015-11-25 - 22-45 Juventus 1 - 0 Manchester City/2_720p.mkv
europe_uefa-champions-league/2016-2017/2016-09-28 - 21-45 Napoli 4 - 2 Benfica/1_720p.mkv
europe_uefa-champions-league/2016-2017/2016-09-28 - 21-45 Napoli 4 - 2 Benfica/2_720p.mkv
europe_uefa-champions-league/2016-2017/2016-10-19 - 21-45 Paris SG 3 - 0 Basel/1_720p.mkv
europe_uefa-champions-league/2016-2017/2016-10-19 - 21-45 Paris SG 3 - 0 Basel/2_720p.mkv
france_ligue-1/2015-2016/2015-09-19 - 18-30 Reims 1 - 1 Paris SG/1_720p.mkv
france_ligue-1/2015-2016/2015-09-19 - 18-30 Reims 1 - 1 Paris SG/2_720p.mkv
france_ligue-1/2016-2017/2016-08-21 - 21-45 Paris SG 3 - 0 Metz/1_720p.mkv
france_ligue-1/2016-2017/2016-08-21 - 21-45 Paris SG 3 - 0 Metz/2_720p.mkv
france_ligue-1/2016-2017/2016-09-09 - 21-45 Paris SG 1 - 1 St Etienne/1_720p.mkv
france_ligue-1/2016-2017/2016-09-09 - 21-45 Paris SG 1 - 1 St Etienne/2_720p.mkv
france_ligue-1/2016-2017/2016-09-20 - 22-00 Paris SG 3 - 0 Dijon/1_720p.mkv
france_ligue-1/2016-2017/2016-09-20 - 22-00 Paris SG 3 - 0 Dijon/2_720p.mkv
france_ligue-1/2016-2017/2016-10-23 - 21-45 Paris SG 0 - 0 Marseille/1_720p.mkv
france_ligue-1/2016-2017/2016-10-23 - 21-45 Paris SG 0 - 0 Marseille/2_720p.mkv
france_ligue-1/2016-2017/2016-12-03 - 19-00 Montpellier 3 - 0 Paris SG/1_720p.mkv
france_ligue-1/2016-2017/2016-12-03 - 19-00 Montpellier 3 - 0 Paris SG/2_720p.mkv
france_ligue-1/2016-2017/2017-03-04 - 19-00 Paris SG 1 - 0 Nancy/1_720p.mkv
france_ligue-1/2016-2017/2017-03-04 - 19-00 Paris SG 1 - 0 Nancy/2_720p.mkv
france_ligue-1/2016-2017/2017-04-09 - 22-00 Paris SG 4 - 0 Guingamp/1_720p.mkv
france_ligue-1/2016-2017/2017-04-09 - 22-00 Paris SG 4 - 0 Guingamp/2_720p.mkv
france_ligue-1/2016-2017/2017-05-14 - 22-00 St Etienne 0 - 5 Paris SG/1_720p.mkv
france_ligue-1/2016-2017/2017-05-14 - 22-00 St Etienne 0 - 5 Paris SG/2_720p.mkv
germany_bundesliga/2014-2015/2015-04-25 - 19-30 Bayern Munich 1 - 0 Hertha Berlin/1_720p.mkv
germany_bundesliga/2014-2015/2015-04-25 - 19-30 Bayern Munich 1 - 0 Hertha Berlin/2_720p.mkv
germany_bundesliga/2014-2015/2015-05-02 - 16-30 Hoffenheim 1 - 1 Dortmund/1_720p.mkv
germany_bundesliga/2014-2015/2015-05-02 - 16-30 Hoffenheim 1 - 1 Dortmund/2_720p.mkv
germany_bundesliga/2015-2016/2015-09-20 - 18-30 Dortmund 3 - 0 Bayer Leverkusen/1_720p.mkv
germany_bundesliga/2015-2016/2015-09-20 - 18-30 Dortmund 3 - 0 Bayer Leverkusen/2_720p.mkv
germany_bundesliga/2015-2016/2015-10-04 - 18-30 Bayern Munich 5 - 1 Dortmund/1_720p.mkv
germany_bundesliga/2015-2016/2015-10-04 - 18-30 Bayern Munich 5 - 1 Dortmund/2_720p.mkv
germany_bundesliga/2015-2016/2015-11-07 - 17-30 Bayern Munich 4 - 0 VfB Stuttgart/1_720p.mkv
germany_bundesliga/2015-2016/2015-11-07 - 17-30 Bayern Munich 4 - 0 VfB Stuttgart/2_720p.mkv
germany_bundesliga/2015-2016/2016-04-23 - 16-30 Hertha Berlin 0 - 2 Bayern Munich/1_720p.mkv
germany_bundesliga/2015-2016/2016-04-23 - 16-30 Hertha Berlin 0 - 2 Bayern Munich/2_720p.mkv
germany_bundesliga/2016-2017/2016-12-03 - 17-30 Dortmund 4 - 1 B. Monchengladbach/1_720p.mkv
germany_bundesliga/2016-2017/2016-12-03 - 17-30 Dortmund 4 - 1 B. Monchengladbach/2_720p.mkv
germany_bundesliga/2016-2017/2017-02-25 - 17-30 SC Freiburg 0 - 3 Dortmund/1_720p.mkv
germany_bundesliga/2016-2017/2017-02-25 - 17-30 SC Freiburg 0 - 3 Dortmund/2_720p.mkv
italy_serie-a/2014-2015/2015-04-25 - 19-00 Udinese 2 - 1 AC Milan/1_720p.mkv
italy_serie-a/2014-2015/2015-04-25 - 19-00 Udinese 2 - 1 AC Milan/2_720p.mkv
italy_serie-a/2014-2015/2015-05-10 - 21-45 Lazio 1 - 2 Inter/1_720p.mkv
italy_serie-a/2014-2015/2015-05-10 - 21-45 Lazio 1 - 2 Inter/2_720p.mkv
italy_serie-a/2014-2015/2015-05-17 - 13-30 Sassuolo 3 - 2 AC Milan/1_720p.mkv
italy_serie-a/2014-2015/2015-05-17 - 13-30 Sassuolo 3 - 2 AC Milan/2_720p.mkv
italy_serie-a/2015-2016/2015-09-26 - 21-45 Napoli 2 - 1 Juventus/1_720p.mkv
italy_serie-a/2015-2016/2015-09-26 - 21-45 Napoli 2 - 1 Juventus/2_720p.mkv
italy_serie-a/2016-2017/2016-08-20 - 19-00 AS Roma 4 - 0 Udinese/1_720p.mkv
italy_serie-a/2016-2017/2016-08-20 - 19-00 AS Roma 4 - 0 Udinese/2_720p.mkv
italy_serie-a/2016-2017/2016-09-18 - 21-45 Fiorentina 1 - 0 AS Roma/1_720p.mkv
italy_serie-a/2016-2017/2016-09-18 - 21-45 Fiorentina 1 - 0 AS Roma/2_720p.mkv
italy_serie-a/2016-2017/2016-09-21 - 21-45 Genoa 0 - 0 Napoli/1_720p.mkv
italy_serie-a/2016-2017/2016-09-21 - 21-45 Genoa 0 - 0 Napoli/2_720p.mkv
italy_serie-a/2016-2017/2016-10-02 - 19-00 AC Milan 4 - 3 Sassuolo/1_720p.mkv
italy_serie-a/2016-2017/2016-10-02 - 19-00 AC Milan 4 - 3 Sassuolo/2_720p.mkv
italy_serie-a/2016-2017/2016-10-29 - 21-45 Juventus 2 - 1 Napoli/1_720p.mkv
italy_serie-a/2016-2017/2016-10-29 - 21-45 Juventus 2 - 1 Napoli/2_720p.mkv
italy_serie-a/2016-2017/2016-11-05 - 22-45 Napoli 1 - 1 Lazio/1_720p.mkv
italy_serie-a/2016-2017/2016-11-05 - 22-45 Napoli 1 - 1 Lazio/2_720p.mkv
italy_serie-a/2016-2017/2016-12-12 - 23-00 AS Roma 1 - 0 AC Milan/1_720p.mkv
italy_serie-a/2016-2017/2016-12-12 - 23-00 AS Roma 1 - 0 AC Milan/2_720p.mkv
italy_serie-a/2016-2017/2017-01-22 - 22-45 AS Roma 1 - 0 Cagliari/1_720p.mkv
italy_serie-a/2016-2017/2017-01-22 - 22-45 AS Roma 1 - 0 Cagliari/2_720p.mkv
italy_serie-a/2016-2017/2017-02-19 - 17-00 Chievo 1 - 3 Napoli/1_720p.mkv
italy_serie-a/2016-2017/2017-02-19 - 17-00 Chievo 1 - 3 Napoli/2_720p.mkv
italy_serie-a/2016-2017/2017-03-12 - 22-45 Palermo 0 - 3 AS Roma/1_720p.mkv
italy_serie-a/2016-2017/2017-03-12 - 22-45 Palermo 0 - 3 AS Roma/2_720p.mkv
italy_serie-a/2016-2017/2017-04-02 - 21-45 Napoli 1 - 1 Juventus/1_720p.mkv
italy_serie-a/2016-2017/2017-04-02 - 21-45 Napoli 1 - 1 Juventus/2_720p.mkv
italy_serie-a/2016-2017/2017-04-15 - 21-45 Napoli 3 - 0 Udinese/1_720p.mkv
italy_serie-a/2016-2017/2017-04-15 - 21-45 Napoli 3 - 0 Udinese/2_720p.mkv
italy_serie-a/2016-2017/2017-04-30 - 13-30 AS Roma 1 - 3 Lazio/1_720p.mkv
italy_serie-a/2016-2017/2017-04-30 - 13-30 AS Roma 1 - 3 Lazio/2_720p.mkv
italy_serie-a/2016-2017/2017-05-06 - 19-00 Napoli 3 - 1 Cagliari/1_720p.mkv
italy_serie-a/2016-2017/2017-05-06 - 19-00 Napoli 3 - 1 Cagliari/2_720p.mkv
spain_laliga/2014-2015/2015-04-11 - 17-00 Real Madrid 3 - 0 Eibar/1_720p.mkv
spain_laliga/2014-2015/2015-04-11 - 17-00 Real Madrid 3 - 0 Eibar/2_720p.mkv
spain_laliga/2014-2015/2015-04-11 - 21-00 Sevilla 2 - 2 Barcelona/1_720p.mkv
spain_laliga/2014-2015/2015-04-11 - 21-00 Sevilla 2 - 2 Barcelona/2_720p.mkv
spain_laliga/2014-2015/2015-04-28 - 21-00 Barcelona 6 - 0 Getafe/1_720p.mkv
spain_laliga/2014-2015/2015-04-28 - 21-00 Barcelona 6 - 0 Getafe/2_720p.mkv
spain_laliga/2014-2015/2015-05-02 - 19-00 Atl. Madrid 0 - 0 Ath Bilbao/1_720p.mkv
spain_laliga/2014-2015/2015-05-02 - 19-00 Atl. Madrid 0 - 0 Ath Bilbao/2_720p.mkv
spain_laliga/2014-2015/2015-05-02 - 21-00 Sevilla 2 - 3 Real Madrid/1_720p.mkv
spain_laliga/2014-2015/2015-05-02 - 21-00 Sevilla 2 - 3 Real Madrid/2_720p.mkv
spain_laliga/2014-2015/2015-05-23 - 21-30 Real Madrid 7 - 3 Getafe/1_720p.mkv
spain_laliga/2014-2015/2015-05-23 - 21-30 Real Madrid 7 - 3 Getafe/2_720p.mkv
spain_laliga/2015-2016/2015-09-12 - 21-30 Atl. Madrid 1 - 2 Barcelona/1_720p.mkv
spain_laliga/2015-2016/2015-09-12 - 21-30 Atl. Madrid 1 - 2 Barcelona/2_720p.mkv
spain_laliga/2015-2016/2015-09-26 - 17-00 Barcelona 2 - 1 Las Palmas/1_720p.mkv
spain_laliga/2015-2016/2015-09-26 - 17-00 Barcelona 2 - 1 Las Palmas/2_720p.mkv
spain_laliga/2015-2016/2015-10-24 - 17-00 Celta Vigo 1 - 3 Real Madrid/1_720p.mkv
spain_laliga/2015-2016/2015-10-24 - 17-00 Celta Vigo 1 - 3 Real Madrid/2_720p.mkv
spain_laliga/2015-2016/2015-12-13 - 22-30 Villarreal 1 - 0 Real Madrid/1_720p.mkv
spain_laliga/2015-2016/2015-12-13 - 22-30 Villarreal 1 - 0 Real Madrid/2_720p.mkv
spain_laliga/2015-2016/2015-12-20 - 18-00 Real Madrid 1 - 0 Rayo Vallecano/1_720p.mkv
spain_laliga/2015-2016/2015-12-20 - 18-00 Real Madrid 1 - 0 Rayo Vallecano/2_720p.mkv
spain_laliga/2015-2016/2016-01-03 - 22-30 Valencia 2 - 2 Real Madrid/1_720p.mkv
spain_laliga/2015-2016/2016-01-03 - 22-30 Valencia 2 - 2 Real Madrid/2_720p.mkv
spain_laliga/2015-2016/2016-01-09 - 22-30 Real Madrid 5 - 0 Dep. La Coruna/1_720p.mkv
spain_laliga/2015-2016/2016-01-09 - 22-30 Real Madrid 5 - 0 Dep. La Coruna/2_720p.mkv
spain_laliga/2015-2016/2016-02-13 - 18-00 Real Madrid 4 - 2 Ath Bilbao/1_720p.mkv
spain_laliga/2015-2016/2016-02-13 - 18-00 Real Madrid 4 - 2 Ath Bilbao/2_720p.mkv
spain_laliga/2015-2016/2016-03-20 - 22-30 Real Madrid 4 - 0 Sevilla/1_720p.mkv
spain_laliga/2015-2016/2016-03-20 - 22-30 Real Madrid 4 - 0 Sevilla/2_720p.mkv
spain_laliga/2016-2017/2016-08-21 - 21-15 Real Sociedad 0 - 3 Real Madrid/1_720p.mkv
spain_laliga/2016-2017/2016-08-21 - 21-15 Real Sociedad 0 - 3 Real Madrid/2_720p.mkv
spain_laliga/2016-2017/2016-09-17 - 14-00 Leganes 1 - 5 Barcelona/1_720p.mkv
spain_laliga/2016-2017/2016-09-17 - 14-00 Leganes 1 - 5 Barcelona/2_720p.mkv
spain_laliga/2016-2017/2016-10-02 - 21-45 Celta Vigo 4 - 3 Barcelona/1_720p.mkv
spain_laliga/2016-2017/2016-10-02 - 21-45 Celta Vigo 4 - 3 Barcelona/2_720p.mkv
spain_laliga/2016-2017/2016-10-15 - 17-15 Barcelona 4 - 0 Dep. La Coruna/1_720p.mkv
spain_laliga/2016-2017/2016-10-15 - 17-15 Barcelona 4 - 0 Dep. La Coruna/2_720p.mkv
spain_laliga/2016-2017/2017-01-07 - 15-00 Real Madrid 5 - 0 Granada CF/1_720p.mkv
spain_laliga/2016-2017/2017-01-07 - 15-00 Real Madrid 5 - 0 Granada CF/2_720p.mkv
spain_laliga/2016-2017/2017-01-21 - 18-15 Real Madrid 2 - 1 Malaga/1_720p.mkv
spain_laliga/2016-2017/2017-01-21 - 18-15 Real Madrid 2 - 1 Malaga/2_720p.mkv
spain_laliga/2016-2017/2017-02-18 - 18-15 Real Madrid 2 - 0 Espanyol/1_720p.mkv
spain_laliga/2016-2017/2017-02-18 - 18-15 Real Madrid 2 - 0 Espanyol/2_720p.mkv
spain_laliga/2016-2017/2017-04-23 - 21-45 Real Madrid 2 - 3 Barcelona/1_720p.mkv
spain_laliga/2016-2017/2017-04-23 - 21-45 Real Madrid 2 - 3 Barcelona/2_720p.mkv
spain_laliga/2016-2017/2017-04-29 - 17-15 Real Madrid 2 - 1 Valencia/1_720p.mkv
spain_laliga/2016-2017/2017-04-29 - 17-15 Real Madrid 2 - 1 Valencia/2_720p.mkv
spain_laliga/2016-2017/2017-04-29 - 21-45 Espanyol 0 - 3 Barcelona/1_720p.mkv
spain_laliga/2016-2017/2017-04-29 - 21-45 Espanyol 0 - 3 Barcelona/2_720p.mkv
spain_laliga/2016-2017/2017-05-14 - 21-00 Las Palmas 1 - 4 Barcelona/1_720p.mkv
spain_laliga/2016-2017/2017-05-14 - 21-00 Las Palmas 1 - 4 Barcelona/2_720p.mkv
england_epl/2014-2015/2015-05-17 - 18-00 Manchester United 1 - 1 Arsenal/1_720p.mkv
england_epl/2014-2015/2015-05-17 - 18-00 Manchester United 1 - 1 Arsenal/2_720p.mkv
england_epl/2015-2016/2015-08-16 - 18-00 Manchester City 3 - 0 Chelsea/1_720p.mkv
england_epl/2015-2016/2015-08-16 - 18-00 Manchester City 3 - 0 Chelsea/2_720p.mkv
england_epl/2015-2016/2015-08-23 - 15-30 West Brom 2 - 3 Chelsea/1_720p.mkv
england_epl/2015-2016/2015-08-23 - 15-30 West Brom 2 - 3 Chelsea/2_720p.mkv
england_epl/2015-2016/2015-08-29 - 17-00 Liverpool 0 - 3 West Ham/1_720p.mkv
england_epl/2015-2016/2015-08-29 - 17-00 Liverpool 0 - 3 West Ham/2_720p.mkv
england_epl/2015-2016/2015-09-20 - 18-00 Southampton 2 - 3 Manchester United/1_720p.mkv
england_epl/2015-2016/2015-09-20 - 18-00 Southampton 2 - 3 Manchester United/2_720p.mkv
england_epl/2015-2016/2015-09-26 - 19-30 Newcastle Utd 2 - 2 Chelsea/1_720p.mkv
england_epl/2015-2016/2015-09-26 - 19-30 Newcastle Utd 2 - 2 Chelsea/2_720p.mkv
england_epl/2015-2016/2015-10-03 - 19-30 Chelsea 1 - 3 Southampton/1_720p.mkv
england_epl/2015-2016/2015-10-03 - 19-30 Chelsea 1 - 3 Southampton/2_720p.mkv
england_epl/2015-2016/2015-10-24 - 17-00 West Ham 2 - 1 Chelsea/1_720p.mkv
england_epl/2015-2016/2015-10-24 - 17-00 West Ham 2 - 1 Chelsea/2_720p.mkv
england_epl/2015-2016/2015-11-07 - 20-30 Stoke City 1 - 0 Chelsea/1_720p.mkv
england_epl/2015-2016/2015-11-07 - 20-30 Stoke City 1 - 0 Chelsea/2_720p.mkv
england_epl/2015-2016/2015-11-08 - 19-00 Arsenal 1 - 1 Tottenham/1_720p.mkv
england_epl/2015-2016/2015-11-08 - 19-00 Arsenal 1 - 1 Tottenham/2_720p.mkv
england_epl/2015-2016/2015-12-28 - 20-30 Manchester United 0 - 0 Chelsea/1_720p.mkv
england_epl/2015-2016/2015-12-28 - 20-30 Manchester United 0 - 0 Chelsea/2_720p.mkv
england_epl/2015-2016/2016-02-03 - 22-45 Watford 0 - 0 Chelsea/1_720p.mkv
england_epl/2015-2016/2016-02-03 - 22-45 Watford 0 - 0 Chelsea/2_720p.mkv
england_epl/2015-2016/2016-03-01 - 22-45 Norwich 1 - 2 Chelsea/1_720p.mkv
england_epl/2015-2016/2016-03-01 - 22-45 Norwich 1 - 2 Chelsea/2_720p.mkv
england_epl/2016-2017/2016-08-27 - 14-30 Tottenham 1 - 1 Liverpool/1_720p.mkv
england_epl/2016-2017/2016-08-27 - 14-30 Tottenham 1 - 1 Liverpool/2_720p.mkv
england_epl/2016-2017/2016-09-24 - 14-30 Manchester United 4 - 1 Leicester/1_720p.mkv
england_epl/2016-2017/2016-09-24 - 14-30 Manchester United 4 - 1 Leicester/2_720p.mkv
england_epl/2016-2017/2016-10-15 - 14-30 Chelsea 3 - 0 Leicester/1_720p.mkv
england_epl/2016-2017/2016-10-15 - 14-30 Chelsea 3 - 0 Leicester/2_720p.mkv
england_epl/2016-2017/2017-01-21 - 15-30 Liverpool 2 - 3 Swansea/1_720p.mkv
england_epl/2016-2017/2017-01-21 - 15-30 Liverpool 2 - 3 Swansea/2_720p.mkv
england_epl/2016-2017/2017-05-06 - 17-00 Leicester 3 - 0 Watford/1_720p.mkv
england_epl/2016-2017/2017-05-06 - 17-00 Leicester 3 - 0 Watford/2_720p.mkv
europe_uefa-champions-league/2014-2015/2014-11-04 - 20-00 Zenit Petersburg 1 - 2 Bayer Leverkusen/1_720p.mkv
europe_uefa-champions-league/2014-2015/2014-11-04 - 20-00 Zenit Petersburg 1 - 2 Bayer Leverkusen/2_720p.mkv
europe_uefa-champions-league/2014-2015/2015-02-24 - 22-45 Manchester City 1 - 2 Barcelona/1_720p.mkv
europe_uefa-champions-league/2014-2015/2015-02-24 - 22-45 Manchester City 1 - 2 Barcelona/2_720p.mkv
europe_uefa-champions-league/2014-2015/2015-03-10 - 22-45 Real Madrid 3 - 4 Schalke/1_720p.mkv
europe_uefa-champions-league/2014-2015/2015-03-10 - 22-45 Real Madrid 3 - 4 Schalke/2_720p.mkv
europe_uefa-champions-league/2014-2015/2015-03-17 - 22-45 Monaco 0 - 2 Arsenal/1_720p.mkv
europe_uefa-champions-league/2014-2015/2015-03-17 - 22-45 Monaco 0 - 2 Arsenal/2_720p.mkv
europe_uefa-champions-league/2014-2015/2015-04-15 - 21-45 FC Porto 3 - 1 Bayern Munich/1_720p.mkv
europe_uefa-champions-league/2014-2015/2015-04-15 - 21-45 FC Porto 3 - 1 Bayern Munich/2_720p.mkv
europe_uefa-champions-league/2014-2015/2015-04-22 - 21-45 Real Madrid 1 - 0 Atl. Madrid/1_720p.mkv
europe_uefa-champions-league/2014-2015/2015-04-22 - 21-45 Real Madrid 1 - 0 Atl. Madrid/2_720p.mkv
europe_uefa-champions-league/2014-2015/2015-05-05 - 21-45 Juventus 2 - 1 Real Madrid/1_720p.mkv
europe_uefa-champions-league/2014-2015/2015-05-05 - 21-45 Juventus 2 - 1 Real Madrid/2_720p.mkv
europe_uefa-champions-league/2015-2016/2015-09-29 - 21-45 Bayern Munich 5 - 0 D. Zagreb/1_720p.mkv
europe_uefa-champions-league/2015-2016/2015-09-29 - 21-45 Bayern Munich 5 - 0 D. Zagreb/2_720p.mkv
europe_uefa-champions-league/2015-2016/2015-11-03 - 22-45 Real Madrid 1 - 0 Paris SG/1_720p.mkv
europe_uefa-champions-league/2015-2016/2015-11-03 - 22-45 Real Madrid 1 - 0 Paris SG/2_720p.mkv
europe_uefa-champions-league/2015-2016/2015-11-03 - 22-45 Sevilla 1 - 3 Manchester City/1_720p.mkv
europe_uefa-champions-league/2015-2016/2015-11-03 - 22-45 Sevilla 1 - 3 Manchester City/2_720p.mkv
europe_uefa-champions-league/2015-2016/2015-11-03 - 22-45 Shakhtar Donetsk 4 - 0 Malmo FF/1_720p.mkv
europe_uefa-champions-league/2015-2016/2015-11-03 - 22-45 Shakhtar Donetsk 4 - 0 Malmo FF/2_720p.mkv
europe_uefa-champions-league/2015-2016/2015-11-25 - 22-45 Shakhtar Donetsk 3 - 4 Real Madrid/1_720p.mkv
europe_uefa-champions-league/2015-2016/2015-11-25 - 22-45 Shakhtar Donetsk 3 - 4 Real Madrid/2_720p.mkv
europe_uefa-champions-league/2015-2016/2016-04-05 - 21-45 Bayern Munich 1 - 0 Benfica/1_720p.mkv
europe_uefa-champions-league/2015-2016/2016-04-05 - 21-45 Bayern Munich 1 - 0 Benfica/2_720p.mkv
europe_uefa-champions-league/2016-2017/2016-11-01 - 20-45 Besiktas 1 - 1 Napoli/1_720p.mkv
europe_uefa-champions-league/2016-2017/2016-11-01 - 20-45 Besiktas 1 - 1 Napoli/2_720p.mkv
europe_uefa-champions-league/2016-2017/2016-11-01 - 22-45 Manchester City 3 - 1 Barcelona/1_720p.mkv
europe_uefa-champions-league/2016-2017/2016-11-01 - 22-45 Manchester City 3 - 1 Barcelona/2_720p.mkv
europe_uefa-champions-league/2016-2017/2016-11-23 - 22-45 Arsenal 2 - 2 Paris SG/1_720p.mkv
europe_uefa-champions-league/2016-2017/2016-11-23 - 22-45 Arsenal 2 - 2 Paris SG/2_720p.mkv
europe_uefa-champions-league/2016-2017/2017-03-08 - 22-45 Barcelona 6 - 1 Paris SG/1_720p.mkv
europe_uefa-champions-league/2016-2017/2017-03-08 - 22-45 Barcelona 6 - 1 Paris SG/2_720p.mkv
europe_uefa-champions-league/2016-2017/2017-04-12 - 21-45 Bayern Munich 1 - 2 Real Madrid/1_720p.mkv
europe_uefa-champions-league/2016-2017/2017-04-12 - 21-45 Bayern Munich 1 - 2 Real Madrid/2_720p.mkv
europe_uefa-champions-league/2016-2017/2017-05-02 - 21-45 Real Madrid 3 - 0 Atl. Madrid/1_720p.mkv
europe_uefa-champions-league/2016-2017/2017-05-02 - 21-45 Real Madrid 3 - 0 Atl. Madrid/2_720p.mkv
france_ligue-1/2016-2017/2016-08-28 - 21-45 Monaco 3 - 1 Paris SG/1_720p.mkv
france_ligue-1/2016-2017/2016-08-28 - 21-45 Monaco 3 - 1 Paris SG/2_720p.mkv
france_ligue-1/2016-2017/2016-11-30 - 23-00 Paris SG 2 - 0 Angers/1_720p.mkv
france_ligue-1/2016-2017/2016-11-30 - 23-00 Paris SG 2 - 0 Angers/2_720p.mkv
germany_bundesliga/2014-2015/2015-05-09 - 16-30 Bayern Munich 0 - 1 FC Augsburg/1_720p.mkv
germany_bundesliga/2014-2015/2015-05-09 - 16-30 Bayern Munich 0 - 1 FC Augsburg/2_720p.mkv
germany_bundesliga/2015-2016/2015-08-29 - 19-30 Bayern Munich 3 - 0 Bayer Leverkusen/1_720p.mkv
germany_bundesliga/2015-2016/2015-08-29 - 19-30 Bayern Munich 3 - 0 Bayer Leverkusen/2_720p.mkv
germany_bundesliga/2015-2016/2015-09-12 - 16-30 Bayern Munich 2 - 1 FC Augsburg/1_720p.mkv
germany_bundesliga/2015-2016/2015-09-12 - 16-30 Bayern Munich 2 - 1 FC Augsburg/2_720p.mkv
germany_bundesliga/2015-2016/2015-10-24 - 16-30 Bayern Munich 4 - 0 FC Koln/1_720p.mkv
germany_bundesliga/2015-2016/2015-10-24 - 16-30 Bayern Munich 4 - 0 FC Koln/2_720p.mkv
germany_bundesliga/2015-2016/2015-11-08 - 17-30 Dortmund 3 - 2 Schalke/1_720p.mkv
germany_bundesliga/2015-2016/2015-11-08 - 17-30 Dortmund 3 - 2 Schalke/2_720p.mkv
germany_bundesliga/2016-2017/2016-09-10 - 19-30 RB Leipzig 1 - 0 Dortmund/1_720p.mkv
germany_bundesliga/2016-2017/2016-09-10 - 19-30 RB Leipzig 1 - 0 Dortmund/2_720p.mkv
germany_bundesliga/2016-2017/2016-10-01 - 19-30 Bayer Leverkusen 2 - 0 Dortmund/1_720p.mkv
germany_bundesliga/2016-2017/2016-10-01 - 19-30 Bayer Leverkusen 2 - 0 Dortmund/2_720p.mkv
germany_bundesliga/2016-2017/2016-11-05 - 17-30 Hamburger SV 2 - 5 Dortmund/1_720p.mkv
germany_bundesliga/2016-2017/2016-11-05 - 17-30 Hamburger SV 2 - 5 Dortmund/2_720p.mkv
germany_bundesliga/2016-2017/2016-11-19 - 20-30 Dortmund 1 - 0 Bayern Munich/1_720p.mkv
germany_bundesliga/2016-2017/2016-11-19 - 20-30 Dortmund 1 - 0 Bayern Munich/2_720p.mkv
germany_bundesliga/2016-2017/2016-12-16 - 22-30 Hoffenheim 2 - 2 Dortmund/1_720p.mkv
germany_bundesliga/2016-2017/2016-12-16 - 22-30 Hoffenheim 2 - 2 Dortmund/2_720p.mkv
germany_bundesliga/2016-2017/2017-01-21 - 17-30 SV Werder Bremen 1 - 2 Dortmund/1_720p.mkv
germany_bundesliga/2016-2017/2017-01-21 - 17-30 SV Werder Bremen 1 - 2 Dortmund/2_720p.mkv
germany_bundesliga/2016-2017/2017-01-29 - 19-30 1. FSV Mainz 05 1 - 1 Dortmund/1_720p.mkv
germany_bundesliga/2016-2017/2017-01-29 - 19-30 1. FSV Mainz 05 1 - 1 Dortmund/2_720p.mkv
germany_bundesliga/2016-2017/2017-03-04 - 17-30 Dortmund 6 - 2 Bayer Leverkusen/1_720p.mkv
germany_bundesliga/2016-2017/2017-03-04 - 17-30 Dortmund 6 - 2 Bayer Leverkusen/2_720p.mkv
germany_bundesliga/2016-2017/2017-04-29 - 16-30 Dortmund 0 - 0 FC Koln/1_720p.mkv
germany_bundesliga/2016-2017/2017-04-29 - 16-30 Dortmund 0 - 0 FC Koln/2_720p.mkv
italy_serie-a/2014-2015/2015-04-29 - 21-45 Juventus 3 - 2 Fiorentina/1_720p.mkv
italy_serie-a/2014-2015/2015-04-29 - 21-45 Juventus 3 - 2 Fiorentina/2_720p.mkv
italy_serie-a/2015-2016/2015-08-29 - 21-45 AC Milan 2 - 1 Empoli/1_720p.mkv
italy_serie-a/2015-2016/2015-08-29 - 21-45 AC Milan 2 - 1 Empoli/2_720p.mkv
italy_serie-a/2015-2016/2015-09-20 - 16-00 Genoa 0 - 2 Juventus/1_720p.mkv
italy_serie-a/2015-2016/2015-09-20 - 16-00 Genoa 0 - 2 Juventus/2_720p.mkv
italy_serie-a/2015-2016/2015-09-27 - 21-45 Inter 1 - 4 Fiorentina/1_720p.mkv
italy_serie-a/2015-2016/2015-09-27 - 21-45 Inter 1 - 4 Fiorentina/2_720p.mkv
italy_serie-a/2016-2017/2016-08-27 - 21-45 Napoli 4 - 2 AC Milan/1_720p.mkv
italy_serie-a/2016-2017/2016-08-27 - 21-45 Napoli 4 - 2 AC Milan/2_720p.mkv
italy_serie-a/2016-2017/2016-09-11 - 16-00 AC Milan 0 - 1 Udinese/1_720p.mkv
italy_serie-a/2016-2017/2016-09-11 - 16-00 AC Milan 0 - 1 Udinese/2_720p.mkv
italy_serie-a/2016-2017/2016-09-20 - 21-45 AC Milan 2 - 0 Lazio/1_720p.mkv
italy_serie-a/2016-2017/2016-09-20 - 21-45 AC Milan 2 - 0 Lazio/2_720p.mkv
italy_serie-a/2016-2017/2016-09-24 - 21-45 Napoli 2 - 0 Chievo/1_720p.mkv
italy_serie-a/2016-2017/2016-09-24 - 21-45 Napoli 2 - 0 Chievo/2_720p.mkv
italy_serie-a/2016-2017/2016-09-25 - 13-30 Torino 3 - 1 AS Roma/1_720p.mkv
italy_serie-a/2016-2017/2016-09-25 - 13-30 Torino 3 - 1 AS Roma/2_720p.mkv
italy_serie-a/2016-2017/2016-09-25 - 21-45 Fiorentina 0 - 0 AC Milan/1_720p.mkv
italy_serie-a/2016-2017/2016-09-25 - 21-45 Fiorentina 0 - 0 AC Milan/2_720p.mkv
italy_serie-a/2016-2017/2016-10-02 - 21-45 AS Roma 2 - 1 Inter/1_720p.mkv
italy_serie-a/2016-2017/2016-10-02 - 21-45 AS Roma 2 - 1 Inter/2_720p.mkv
italy_serie-a/2016-2017/2016-11-20 - 17-00 Atalanta 2 - 1 AS Roma/1_720p.mkv
italy_serie-a/2016-2017/2016-11-20 - 17-00 Atalanta 2 - 1 AS Roma/2_720p.mkv
italy_serie-a/2016-2017/2016-11-26 - 22-45 Empoli 1 - 4 AC Milan/1_720p.mkv
italy_serie-a/2016-2017/2016-11-26 - 22-45 Empoli 1 - 4 AC Milan/2_720p.mkv
italy_serie-a/2016-2017/2016-12-04 - 17-00 Lazio 0 - 2 AS Roma/1_720p.mkv
italy_serie-a/2016-2017/2016-12-04 - 17-00 Lazio 0 - 2 AS Roma/2_720p.mkv
italy_serie-a/2016-2017/2017-01-08 - 17-00 Genoa 0 - 1 AS Roma/1_720p.mkv
italy_serie-a/2016-2017/2017-01-08 - 17-00 Genoa 0 - 1 AS Roma/2_720p.mkv
italy_serie-a/2016-2017/2017-01-29 - 17-00 Sampdoria 3 - 2 AS Roma/1_720p.mkv
italy_serie-a/2016-2017/2017-01-29 - 17-00 Sampdoria 3 - 2 AS Roma/2_720p.mkv
italy_serie-a/2016-2017/2017-02-07 - 22-45 AS Roma 4 - 0 Fiorentina/1_720p.mkv
italy_serie-a/2016-2017/2017-02-07 - 22-45 AS Roma 4 - 0 Fiorentina/2_720p.mkv
italy_serie-a/2016-2017/2017-02-25 - 20-00 Napoli 0 - 2 Atalanta/1_720p.mkv
italy_serie-a/2016-2017/2017-02-25 - 20-00 Napoli 0 - 2 Atalanta/2_720p.mkv
italy_serie-a/2016-2017/2017-02-26 - 22-45 Inter 1 - 3 AS Roma/1_720p.mkv
italy_serie-a/2016-2017/2017-02-26 - 22-45 Inter 1 - 3 AS Roma/2_720p.mkv
italy_serie-a/2016-2017/2017-04-01 - 21-45 AS Roma 2 - 0 Empoli/1_720p.mkv
italy_serie-a/2016-2017/2017-04-01 - 21-45 AS Roma 2 - 0 Empoli/2_720p.mkv
italy_serie-a/2016-2017/2017-04-30 - 21-45 Inter 0 - 1 Napoli/1_720p.mkv
italy_serie-a/2016-2017/2017-04-30 - 21-45 Inter 0 - 1 Napoli/2_720p.mkv
italy_serie-a/2016-2017/2017-05-20 - 21-45 Napoli 4 - 1 Fiorentina/1_720p.mkv
italy_serie-a/2016-2017/2017-05-20 - 21-45 Napoli 4 - 1 Fiorentina/2_720p.mkv
spain_laliga/2014-2015/2015-02-14 - 20-00 Real Madrid 2 - 0 Dep. La Coruna/1_720p.mkv
spain_laliga/2014-2015/2015-02-14 - 20-00 Real Madrid 2 - 0 Dep. La Coruna/2_720p.mkv
spain_laliga/2014-2015/2015-04-18 - 21-00 Real Madrid 3 - 1 Malaga/1_720p.mkv
spain_laliga/2014-2015/2015-04-18 - 21-00 Real Madrid 3 - 1 Malaga/2_720p.mkv
spain_laliga/2014-2015/2015-04-25 - 17-00 Espanyol 0 - 2 Barcelona/1_720p.mkv
spain_laliga/2014-2015/2015-04-25 - 17-00 Espanyol 0 - 2 Barcelona/2_720p.mkv
spain_laliga/2014-2015/2015-04-29 - 21-00 Real Madrid 3 - 0 Almeria/1_720p.mkv
spain_laliga/2014-2015/2015-04-29 - 21-00 Real Madrid 3 - 0 Almeria/2_720p.mkv
spain_laliga/2014-2015/2015-05-02 - 17-00 Cordoba 0 - 8 Barcelona/1_720p.mkv
spain_laliga/2014-2015/2015-05-02 - 17-00 Cordoba 0 - 8 Barcelona/2_720p.mkv
spain_laliga/2014-2015/2015-05-09 - 19-00 Barcelona 2 - 0 Real Sociedad/1_720p.mkv
spain_laliga/2014-2015/2015-05-09 - 19-00 Barcelona 2 - 0 Real Sociedad/2_720p.mkv
spain_laliga/2015-2016/2015-08-29 - 23-30 Real Madrid 5 - 0 Betis/1_720p.mkv
spain_laliga/2015-2016/2015-08-29 - 23-30 Real Madrid 5 - 0 Betis/2_720p.mkv
spain_laliga/2015-2016/2015-09-19 - 17-00 Real Madrid 1 - 0 Granada CF/1_720p.mkv
spain_laliga/2015-2016/2015-09-19 - 17-00 Real Madrid 1 - 0 Granada CF/2_720p.mkv
spain_laliga/2015-2016/2015-11-08 - 18-00 Barcelona 3 - 0 Villarreal/1_720p.mkv
spain_laliga/2015-2016/2015-11-08 - 18-00 Barcelona 3 - 0 Villarreal/2_720p.mkv
spain_laliga/2015-2016/2015-12-05 - 18-00 Real Madrid 4 - 1 Getafe/1_720p.mkv
spain_laliga/2015-2016/2015-12-05 - 18-00 Real Madrid 4 - 1 Getafe/2_720p.mkv
spain_laliga/2015-2016/2015-12-30 - 18-00 Real Madrid 3 - 1 Real Sociedad/1_720p.mkv
spain_laliga/2015-2016/2015-12-30 - 18-00 Real Madrid 3 - 1 Real Sociedad/2_720p.mkv
spain_laliga/2015-2016/2016-02-27 - 18-00 Real Madrid 0 - 1 Atl. Madrid/1_720p.mkv
spain_laliga/2015-2016/2016-02-27 - 18-00 Real Madrid 0 - 1 Atl. Madrid/2_720p.mkv
spain_laliga/2015-2016/2016-03-02 - 23-00 Levante 1 - 3 Real Madrid/1_720p.mkv
spain_laliga/2015-2016/2016-03-02 - 23-00 Levante 1 - 3 Real Madrid/2_720p.mkv
spain_laliga/2015-2016/2016-05-08 - 18-00 Real Madrid 3 - 2 Valencia/1_720p.mkv
spain_laliga/2015-2016/2016-05-08 - 18-00 Real Madrid 3 - 2 Valencia/2_720p.mkv
spain_laliga/2015-2016/2016-05-14 - 18-00 Dep. La Coruna 0 - 2 Real Madrid/1_720p.mkv
spain_laliga/2015-2016/2016-05-14 - 18-00 Dep. La Coruna 0 - 2 Real Madrid/2_720p.mkv
spain_laliga/2016-2017/2016-09-10 - 21-30 Barcelona 1 - 2 Alaves/1_720p.mkv
spain_laliga/2016-2017/2016-09-10 - 21-30 Barcelona 1 - 2 Alaves/2_720p.mkv
spain_laliga/2016-2017/2016-09-21 - 21-00 Real Madrid 1 - 1 Villarreal/1_720p.mkv
spain_laliga/2016-2017/2016-09-21 - 21-00 Real Madrid 1 - 1 Villarreal/2_720p.mkv
spain_laliga/2016-2017/2016-09-24 - 21-45 Las Palmas 2 - 2 Real Madrid/1_720p.mkv
spain_laliga/2016-2017/2016-09-24 - 21-45 Las Palmas 2 - 2 Real Madrid/2_720p.mkv
spain_laliga/2016-2017/2016-11-26 - 18-15 Real Madrid 2 - 1 Gijon/1_720p.mkv
spain_laliga/2016-2017/2016-11-26 - 18-15 Real Madrid 2 - 1 Gijon/2_720p.mkv
spain_laliga/2016-2017/2016-12-18 - 22-45 Barcelona 4 - 1 Espanyol/1_720p.mkv
spain_laliga/2016-2017/2016-12-18 - 22-45 Barcelona 4 - 1 Espanyol/2_720p.mkv
spain_laliga/2016-2017/2017-02-11 - 22-45 Osasuna 1 - 3 Real Madrid/1_720p.mkv
spain_laliga/2016-2017/2017-02-11 - 22-45 Osasuna 1 - 3 Real Madrid/2_720p.mkv
spain_laliga/2016-2017/2017-03-12 - 22-45 Real Madrid 2 - 1 Betis/1_720p.mkv
spain_laliga/2016-2017/2017-03-12 - 22-45 Real Madrid 2 - 1 Betis/2_720p.mkv
spain_laliga/2016-2017/2017-04-02 - 17-15 Real Madrid 3 - 0 Alaves/1_720p.mkv
spain_laliga/2016-2017/2017-04-02 - 17-15 Real Madrid 3 - 0 Alaves/2_720p.mkv
spain_laliga/2016-2017/2017-04-08 - 21-45 Malaga 2 - 0 Barcelona/1_720p.mkv
spain_laliga/2016-2017/2017-04-08 - 21-45 Malaga 2 - 0 Barcelona/2_720p.mkv
spain_laliga/2016-2017/2017-04-26 - 20-30 Barcelona 7 - 1 Osasuna/1_720p.mkv
spain_laliga/2016-2017/2017-04-26 - 20-30 Barcelona 7 - 1 Osasuna/2_720p.mkv
england_epl/2016-2017/2017-05-13 - 18-00 Stoke City 1 - 4 Arsenal/1_720p.mkv
england_epl/2016-2017/2017-05-13 - 18-00 Stoke City 1 - 4 Arsenal/2_720p.mkv
england_epl/2016-2017/2017-04-30 - 18-00 Tottenham 2 - 0 Arsenal/1_720p.mkv
england_epl/2016-2017/2017-04-30 - 18-00 Tottenham 2 - 0 Arsenal/2_720p.mkv
england_epl/2016-2017/2017-04-10 - 18-00 Crystal Palace 3 - 0 Arsenal/1_720p.mkv
england_epl/2016-2017/2017-04-10 - 18-00 Crystal Palace 3 - 0 Arsenal/2_720p.mkv
england_epl/2016-2017/2017-04-02 - 18-00 Arsenal 2 - 2 Manchester City/1_720p.mkv
england_epl/2016-2017/2017-04-02 - 18-00 Arsenal 2 - 2 Manchester City/2_720p.mkv
england_epl/2016-2017/2017-03-18 - 18-00 West Brom 3 - 1 Arsenal/1_720p.mkv
england_epl/2016-2017/2017-03-18 - 18-00 West Brom 3 - 1 Arsenal/2_720p.mkv
england_epl/2016-2017/2017-02-04 - 18-00 Chelsea 3 - 1 Arsenal/1_720p.mkv
england_epl/2016-2017/2017-02-04 - 18-00 Chelsea 3 - 1 Arsenal/2_720p.mkv
england_epl/2016-2017/2017-01-22 - 18-00 Arsenal 2 - 1 Burnley/1_720p.mkv
england_epl/2016-2017/2017-01-22 - 18-00 Arsenal 2 - 1 Burnley/2_720p.mkv
england_epl/2016-2017/2017-01-03 - 18-00 Bournemouth 3 - 3 Arsenal/1_720p.mkv
england_epl/2016-2017/2017-01-03 - 18-00 Bournemouth 3 - 3 Arsenal/2_720p.mkv
england_epl/2016-2017/2016-11-19 - 18-00 Manchester United 1 - 1 Arsenal/1_720p.mkv
england_epl/2016-2017/2016-11-19 - 18-00 Manchester United 1 - 1 Arsenal/2_720p.mkv
europe_uefa-champions-league/2016-2017/2017-05-09 - 18-00 Juventus 2 - 1 Monaco/1_720p.mkv
europe_uefa-champions-league/2016-2017/2017-05-09 - 18-00 Juventus 2 - 1 Monaco/2_720p.mkv
europe_uefa-champions-league/2016-2017/2017-04-11 - 18-00 Juventus 3 - 0 Barcelona/1_720p.mkv
europe_uefa-champions-league/2016-2017/2017-04-11 - 18-00 Juventus 3 - 0 Barcelona/2_720p.mkv
europe_uefa-champions-league/2016-2017/2017-03-07 - 18-00 Arsenal 1 - 5 Bayern/1_720p.mkv
europe_uefa-champions-league/2016-2017/2017-03-07 - 18-00 Arsenal 1 - 5 Bayern/2_720p.mkv
europe_uefa-champions-league/2016-2017/2017-02-15 - 18-00 Bayern 5 - 1 Arsenal/1_720p.mkv
europe_uefa-champions-league/2016-2017/2017-02-15 - 18-00 Bayern 5 - 1 Arsenal/2_720p.mkv
europe_uefa-champions-league/2016-2017/2016-12-06 - 18-00 Basel 1 - 4 Arsenal/1_720p.mkv
europe_uefa-champions-league/2016-2017/2016-12-06 - 18-00 Basel 1 - 4 Arsenal/2_720p.mkv
europe_uefa-champions-league/2016-2017/2016-11-06 - 18-00 Ludogorets Razgrad 2 - 3 Arsenal/1_720p.mkv
europe_uefa-champions-league/2016-2017/2016-11-06 - 18-00 Ludogorets Razgrad 2 - 3 Arsenal/2_720p.mkv
europe_uefa-champions-league/2016-2017/2016-09-26 - 18-00 Arsenal 2 - 0 Basel/1_720p.mkv
europe_uefa-champions-league/2016-2017/2016-09-26 - 18-00 Arsenal 2 - 0 Basel/2_720p.mkv
france_ligue-1/2016-2017/2017-02-24 - 18-00 Nice 2 - 1 Montpellier/1_720p.mkv
france_ligue-1/2016-2017/2017-02-24 - 18-00 Nice 2 - 1 Montpellier/2_720p.mkv
france_ligue-1/2016-2017/2016-09-11 - 18-00 Nice 3 - 2 Marseille/1_720p.mkv
france_ligue-1/2016-2017/2016-09-11 - 18-00 Nice 3 - 2 Marseille/2_720p.mkv
france_ligue-1/2016-2017/2017-04-02 - 18-00 Nice 2 - 1 Bordeaux/1_720p.mkv
france_ligue-1/2016-2017/2017-04-02 - 18-00 Nice 2 - 1 Bordeaux/2_720p.mkv
france_ligue-1/2016-2017/2017-05-07 - 18-00 Marseille 2 - 1 Nice/1_720p.mkv
france_ligue-1/2016-2017/2017-05-07 - 18-00 Marseille 2 - 1 Nice/2_720p.mkv
france_ligue-1/2016-2017/2017-02-18 - 18-00 Lorient 0 - 1 Nice/1_720p.mkv
france_ligue-1/2016-2017/2017-02-18 - 18-00 Lorient 0 - 1 Nice/2_720p.mkv
france_ligue-1/2016-2017/2017-02-08 - 18-00 Nice 1 - 0 Saint Etienne/1_720p.mkv
france_ligue-1/2016-2017/2017-02-08 - 18-00 Nice 1 - 0 Saint Etienne/2_720p.mkv
france_ligue-1/2016-2017/2016-12-11 - 18-00 Paris SG 2 - 2 Nice/1_720p.mkv
france_ligue-1/2016-2017/2016-12-11 - 18-00 Paris SG 2 - 2 Nice/2_720p.mkv
france_ligue-1/2016-2017/2016-12-04 - 18-00 Nice 3 - 0 Toulouse/1_720p.mkv
france_ligue-1/2016-2017/2016-12-04 - 18-00 Nice 3 - 0 Toulouse/2_720p.mkv
france_ligue-1/2016-2017/2016-11-20 - 18-00 Saint Etienne 0 - 1 Nice/1_720p.mkv
france_ligue-1/2016-2017/2016-11-20 - 18-00 Saint Etienne 0 - 1 Nice/2_720p.mkv
germany_bundesliga/2016-2017/2016-09-30 - 18-00 Leipzig 2 - 1 Augsburg/1_720p.mkv
germany_bundesliga/2016-2017/2016-09-30 - 18-00 Leipzig 2 - 1 Augsburg/2_720p.mkv
germany_bundesliga/2016-2017/2016-09-21 - 18-00 Leipzig 1 - 1 Borussia/1_720p.mkv
germany_bundesliga/2016-2017/2016-09-21 - 18-00 Leipzig 1 - 1 Borussia/2_720p.mkv
germany_bundesliga/2016-2017/2017-05-13 - 18-00 Leipzig 4 - 5 Bayern/1_720p.mkv
germany_bundesliga/2016-2017/2017-05-13 - 18-00 Leipzig 4 - 5 Bayern/2_720p.mkv
germany_bundesliga/2016-2017/2017-02-11 - 18-00 Leipzig 0 - 3 Hamburger/1_720p.mkv
germany_bundesliga/2016-2017/2017-02-11 - 18-00 Leipzig 0 - 3 Hamburger/2_720p.mkv
germany_bundesliga/2016-2017/2017-01-28 - 18-00 Leipzig 2 - 1 Hoffenheim/1_720p.mkv
germany_bundesliga/2016-2017/2017-01-28 - 18-00 Leipzig 2 - 1 Hoffenheim/2_720p.mkv
germany_bundesliga/2016-2017/2017-01-21 - 18-00 Leipzig 3 - 0 Frankfurt/1_720p.mkv
germany_bundesliga/2016-2017/2017-01-21 - 18-00 Leipzig 3 - 0 Frankfurt/2_720p.mkv
germany_bundesliga/2016-2017/2016-12-20 - 18-00 Bayern 3 - 0 Leipzig/1_720p.mkv
germany_bundesliga/2016-2017/2016-12-20 - 18-00 Bayern 3 - 0 Leipzig/2_720p.mkv
germany_bundesliga/2016-2017/2016-12-17 - 18-00 Leipzig 2 - 0 Hertha/1_720p.mkv
germany_bundesliga/2016-2017/2016-12-17 - 18-00 Leipzig 2 - 0 Hertha/2_720p.mkv
italy_serie-a/2016-2017/2016-09-24 - 18-00 Palermo 0 - 1 Juventus/1_720p.mkv
italy_serie-a/2016-2017/2016-09-24 - 18-00 Palermo 0 - 1 Juventus/2_720p.mkv
italy_serie-a/2016-2017/2016-09-18 - 18-00 Empoli 0 - 2 Internazionale/1_720p.mkv
italy_serie-a/2016-2017/2016-09-18 - 18-00 Empoli 0 - 2 Internazionale/2_720p.mkv
italy_serie-a/2016-2017/2016-09-18 - 18-00 Juventus 1 - 0 Internazionale/1_720p.mkv
italy_serie-a/2016-2017/2016-09-18 - 18-00 Juventus 1 - 0 Internazionale/2_720p.mkv
italy_serie-a/2016-2017/2016-08-27 - 18-00 Lazio 0 - 1 Juventus/1_720p.mkv
italy_serie-a/2016-2017/2016-08-27 - 18-00 Lazio 0 - 1 Juventus/2_720p.mkv
italy_serie-a/2016-2017/2017-03-18 - 18-00 Torino 2 - 2 Internazionale/1_720p.mkv
italy_serie-a/2016-2017/2017-03-18 - 18-00 Torino 2 - 2 Internazionale/2_720p.mkv
italy_serie-a/2016-2017/2017-03-05 - 18-00 Cagliari 1 - 5 Internazionale/1_720p.mkv
italy_serie-a/2016-2017/2017-03-05 - 18-00 Cagliari 1 - 5 Internazionale/2_720p.mkv
italy_serie-a/2016-2017/2016-08-20 - 18-00 Juventus 2 - 1 Fiorentina/1_720p.mkv
italy_serie-a/2016-2017/2016-08-20 - 18-00 Juventus 2 - 1 Fiorentina/2_720p.mkv
italy_serie-a/2016-2017/2016-12-01 - 18-00 Napoli 3 - 0 Internazionale/1_720p.mkv
italy_serie-a/2016-2017/2016-12-01 - 18-00 Napoli 3 - 0 Internazionale/2_720p.mkv
italy_serie-a/2016-2017/2016-11-06 - 18-00 Internazionale 3 - 0 Crotone/1_720p.mkv
italy_serie-a/2016-2017/2016-11-06 - 18-00 Internazionale 3 - 0 Crotone/2_720p.mkv
spain_laliga/2019-2020/2020-02-01 - 18-00 Real Madrid 1 - 0 Atletico Madrid/1_720p.mkv
spain_laliga/2019-2020/2020-02-01 - 18-00 Real Madrid 1 - 0 Atletico Madrid/2_720p.mkv
spain_laliga/2019-2020/2019-10-05 - 18-00 Real Madrid 4 - 2 Granada/1_720p.mkv
spain_laliga/2019-2020/2019-10-05 - 18-00 Real Madrid 4 - 2 Granada/2_720p.mkv
spain_laliga/2019-2020/2019-09-14 - 18-00 Barcelona 5 - 2 Valencia/1_720p.mkv
spain_laliga/2019-2020/2019-09-14 - 18-00 Barcelona 5 - 2 Valencia/2_720p.mkv
spain_laliga/2019-2020/2020-02-16 - 18-00 Real Madrid 2 - 2 Celta Vigo/1_720p.mkv
spain_laliga/2019-2020/2020-02-16 - 18-00 Real Madrid 2 - 2 Celta Vigo/2_720p.mkv
spain_laliga/2019-2020/2020-02-09 - 18-00 Osasuna 1 - 4 Real Madrid/1_720p.mkv
spain_laliga/2019-2020/2020-02-09 - 18-00 Osasuna 1 - 4 Real Madrid/2_720p.mkv
spain_laliga/2019-2020/2019-12-15 - 18-00 Valencia 1 - 1 Real Madrid/1_720p.mkv
spain_laliga/2019-2020/2019-12-15 - 18-00 Valencia 1 - 1 Real Madrid/2_720p.mkv
spain_laliga/2019-2020/2019-12-14 - 18-00 Real Sociedad 2 - 2 Barcelona/1_720p.mkv
spain_laliga/2019-2020/2019-12-14 - 18-00 Real Sociedad 2 - 2 Barcelona/2_720p.mkv
spain_laliga/2019-2020/2019-08-17 - 18-00 Celta Vigo 1 - 3 Real Madrid/1_720p.mkv
spain_laliga/2019-2020/2019-08-17 - 18-00 Celta Vigo 1 - 3 Real Madrid/2_720p.mkv
