england_epl/2016-2017/2017-05-13 - 18-00 Stoke City 1 - 4 Arsenal/1_720p.mkv
england_epl/2016-2017/2017-05-13 - 18-00 Stoke City 1 - 4 Arsenal/2_720p.mkv
england_epl/2016-2017/2017-04-30 - 18-00 Tottenham 2 - 0 Arsenal/1_720p.mkv
england_epl/2016-2017/2017-04-30 - 18-00 Tottenham 2 - 0 Arsenal/2_720p.mkv
england_epl/2016-2017/2017-04-10 - 18-00 Crystal Palace 3 - 0 Arsenal/1_720p.mkv
england_epl/2016-2017/2017-04-10 - 18-00 Crystal Palace 3 - 0 Arsenal/2_720p.mkv
england_epl/2016-2017/2017-04-02 - 18-00 Arsenal 2 - 2 Manchester City/1_720p.mkv
england_epl/2016-2017/2017-04-02 - 18-00 Arsenal 2 - 2 Manchester City/2_720p.mkv
england_epl/2016-2017/2017-03-18 - 18-00 West Brom 3 - 1 Arsenal/1_720p.mkv
england_epl/2016-2017/2017-03-18 - 18-00 West Brom 3 - 1 Arsenal/2_720p.mkv
england_epl/2016-2017/2017-02-04 - 18-00 Chelsea 3 - 1 Arsenal/1_720p.mkv
england_epl/2016-2017/2017-02-04 - 18-00 Chelsea 3 - 1 Arsenal/2_720p.mkv
england_epl/2016-2017/2017-01-22 - 18-00 Arsenal 2 - 1 Burnley/1_720p.mkv
england_epl/2016-2017/2017-01-22 - 18-00 Arsenal 2 - 1 Burnley/2_720p.mkv
england_epl/2016-2017/2017-01-03 - 18-00 Bournemouth 3 - 3 Arsenal/1_720p.mkv
england_epl/2016-2017/2017-01-03 - 18-00 Bournemouth 3 - 3 Arsenal/2_720p.mkv
england_epl/2016-2017/2016-11-19 - 18-00 Manchester United 1 - 1 Arsenal/1_720p.mkv
england_epl/2016-2017/2016-11-19 - 18-00 Manchester United 1 - 1 Arsenal/2_720p.mkv
europe_uefa-champions-league/2016-2017/2017-05-09 - 18-00 Juventus 2 - 1 Monaco/1_720p.mkv
europe_uefa-champions-league/2016-2017/2017-05-09 - 18-00 Juventus 2 - 1 Monaco/2_720p.mkv
europe_uefa-champions-league/2016-2017/2017-04-11 - 18-00 Juventus 3 - 0 Barcelona/1_720p.mkv
europe_uefa-champions-league/2016-2017/2017-04-11 - 18-00 Juventus 3 - 0 Barcelona/2_720p.mkv
europe_uefa-champions-league/2016-2017/2017-03-07 - 18-00 Arsenal 1 - 5 Bayern/1_720p.mkv
europe_uefa-champions-league/2016-2017/2017-03-07 - 18-00 Arsenal 1 - 5 Bayern/2_720p.mkv
europe_uefa-champions-league/2016-2017/2017-02-15 - 18-00 Bayern 5 - 1 Arsenal/1_720p.mkv
europe_uefa-champions-league/2016-2017/2017-02-15 - 18-00 Bayern 5 - 1 Arsenal/2_720p.mkv
europe_uefa-champions-league/2016-2017/2016-12-06 - 18-00 Basel 1 - 4 Arsenal/1_720p.mkv
europe_uefa-champions-league/2016-2017/2016-12-06 - 18-00 Basel 1 - 4 Arsenal/2_720p.mkv
europe_uefa-champions-league/2016-2017/2016-11-06 - 18-00 Ludogorets Razgrad 2 - 3 Arsenal/1_720p.mkv
europe_uefa-champions-league/2016-2017/2016-11-06 - 18-00 Ludogorets Razgrad 2 - 3 Arsenal/2_720p.mkv
europe_uefa-champions-league/2016-2017/2016-09-26 - 18-00 Arsenal 2 - 0 Basel/1_720p.mkv
europe_uefa-champions-league/2016-2017/2016-09-26 - 18-00 Arsenal 2 - 0 Basel/2_720p.mkv
france_ligue-1/2016-2017/2017-02-24 - 18-00 Nice 2 - 1 Montpellier/1_720p.mkv
france_ligue-1/2016-2017/2017-02-24 - 18-00 Nice 2 - 1 Montpellier/2_720p.mkv
france_ligue-1/2016-2017/2016-09-11 - 18-00 Nice 3 - 2 Marseille/1_720p.mkv
france_ligue-1/2016-2017/2016-09-11 - 18-00 Nice 3 - 2 Marseille/2_720p.mkv
france_ligue-1/2016-2017/2017-04-02 - 18-00 Nice 2 - 1 Bordeaux/1_720p.mkv
france_ligue-1/2016-2017/2017-04-02 - 18-00 Nice 2 - 1 Bordeaux/2_720p.mkv
france_ligue-1/2016-2017/2017-05-07 - 18-00 Marseille 2 - 1 Nice/1_720p.mkv
france_ligue-1/2016-2017/2017-05-07 - 18-00 Marseille 2 - 1 Nice/2_720p.mkv
france_ligue-1/2016-2017/2017-02-18 - 18-00 Lorient 0 - 1 Nice/1_720p.mkv
france_ligue-1/2016-2017/2017-02-18 - 18-00 Lorient 0 - 1 Nice/2_720p.mkv
france_ligue-1/2016-2017/2017-02-08 - 18-00 Nice 1 - 0 Saint Etienne/1_720p.mkv
france_ligue-1/2016-2017/2017-02-08 - 18-00 Nice 1 - 0 Saint Etienne/2_720p.mkv
france_ligue-1/2016-2017/2016-12-11 - 18-00 Paris SG 2 - 2 Nice/1_720p.mkv
france_ligue-1/2016-2017/2016-12-11 - 18-00 Paris SG 2 - 2 Nice/2_720p.mkv
france_ligue-1/2016-2017/2016-12-04 - 18-00 Nice 3 - 0 Toulouse/1_720p.mkv
france_ligue-1/2016-2017/2016-12-04 - 18-00 Nice 3 - 0 Toulouse/2_720p.mkv
france_ligue-1/2016-2017/2016-11-20 - 18-00 Saint Etienne 0 - 1 Nice/1_720p.mkv
france_ligue-1/2016-2017/2016-11-20 - 18-00 Saint Etienne 0 - 1 Nice/2_720p.mkv
germany_bundesliga/2016-2017/2016-09-30 - 18-00 Leipzig 2 - 1 Augsburg/1_720p.mkv
germany_bundesliga/2016-2017/2016-09-30 - 18-00 Leipzig 2 - 1 Augsburg/2_720p.mkv
germany_bundesliga/2016-2017/2016-09-21 - 18-00 Leipzig 1 - 1 Borussia/1_720p.mkv
germany_bundesliga/2016-2017/2016-09-21 - 18-00 Leipzig 1 - 1 Borussia/2_720p.mkv
germany_bundesliga/2016-2017/2017-05-13 - 18-00 Leipzig 4 - 5 Bayern/1_720p.mkv
germany_bundesliga/2016-2017/2017-05-13 - 18-00 Leipzig 4 - 5 Bayern/2_720p.mkv
germany_bundesliga/2016-2017/2017-02-11 - 18-00 Leipzig 0 - 3 Hamburger/1_720p.mkv
germany_bundesliga/2016-2017/2017-02-11 - 18-00 Leipzig 0 - 3 Hamburger/2_720p.mkv
germany_bundesliga/2016-2017/2017-01-28 - 18-00 Leipzig 2 - 1 Hoffenheim/1_720p.mkv
germany_bundesliga/2016-2017/2017-01-28 - 18-00 Leipzig 2 - 1 Hoffenheim/2_720p.mkv
germany_bundesliga/2016-2017/2017-01-21 - 18-00 Leipzig 3 - 0 Frankfurt/1_720p.mkv
germany_bundesliga/2016-2017/2017-01-21 - 18-00 Leipzig 3 - 0 Frankfurt/2_720p.mkv
germany_bundesliga/2016-2017/2016-12-20 - 18-00 Bayern 3 - 0 Leipzig/1_720p.mkv
germany_bundesliga/2016-2017/2016-12-20 - 18-00 Bayern 3 - 0 Leipzig/2_720p.mkv
germany_bundesliga/2016-2017/2016-12-17 - 18-00 Leipzig 2 - 0 Hertha/1_720p.mkv
germany_bundesliga/2016-2017/2016-12-17 - 18-00 Leipzig 2 - 0 Hertha/2_720p.mkv
italy_serie-a/2016-2017/2016-09-24 - 18-00 Palermo 0 - 1 Juventus/1_720p.mkv
italy_serie-a/2016-2017/2016-09-24 - 18-00 Palermo 0 - 1 Juventus/2_720p.mkv
italy_serie-a/2016-2017/2016-09-18 - 18-00 Empoli 0 - 2 Internazionale/1_720p.mkv
italy_serie-a/2016-2017/2016-09-18 - 18-00 Empoli 0 - 2 Internazionale/2_720p.mkv
italy_serie-a/2016-2017/2016-09-18 - 18-00 Juventus 1 - 0 Internazionale/1_720p.mkv
italy_serie-a/2016-2017/2016-09-18 - 18-00 Juventus 1 - 0 Internazionale/2_720p.mkv
italy_serie-a/2016-2017/2016-08-27 - 18-00 Lazio 0 - 1 Juventus/1_720p.mkv
italy_serie-a/2016-2017/2016-08-27 - 18-00 Lazio 0 - 1 Juventus/2_720p.mkv
italy_serie-a/2016-2017/2017-03-18 - 18-00 Torino 2 - 2 Internazionale/1_720p.mkv
italy_serie-a/2016-2017/2017-03-18 - 18-00 Torino 2 - 2 Internazionale/2_720p.mkv
italy_serie-a/2016-2017/2017-03-05 - 18-00 Cagliari 1 - 5 Internazionale/1_720p.mkv
italy_serie-a/2016-2017/2017-03-05 - 18-00 Cagliari 1 - 5 Internazionale/2_720p.mkv
italy_serie-a/2016-2017/2016-08-20 - 18-00 Juventus 2 - 1 Fiorentina/1_720p.mkv
italy_serie-a/2016-2017/2016-08-20 - 18-00 Juventus 2 - 1 Fiorentina/2_720p.mkv
italy_serie-a/2016-2017/2016-12-01 - 18-00 Napoli 3 - 0 Internazionale/1_720p.mkv
italy_serie-a/2016-2017/2016-12-01 - 18-00 Napoli 3 - 0 Internazionale/2_720p.mkv
italy_serie-a/2016-2017/2016-11-06 - 18-00 Internazionale 3 - 0 Crotone/1_720p.mkv
italy_serie-a/2016-2017/2016-11-06 - 18-00 Internazionale 3 - 0 Crotone/2_720p.mkv
spain_laliga/2019-2020/2020-02-01 - 18-00 Real Madrid 1 - 0 Atletico Madrid/1_720p.mkv
spain_laliga/2019-2020/2020-02-01 - 18-00 Real Madrid 1 - 0 Atletico Madrid/2_720p.mkv
spain_laliga/2019-2020/2019-10-05 - 18-00 Real Madrid 4 - 2 Granada/1_720p.mkv
spain_laliga/2019-2020/2019-10-05 - 18-00 Real Madrid 4 - 2 Granada/2_720p.mkv
spain_laliga/2019-2020/2019-09-14 - 18-00 Barcelona 5 - 2 Valencia/1_720p.mkv
spain_laliga/2019-2020/2019-09-14 - 18-00 Barcelona 5 - 2 Valencia/2_720p.mkv
spain_laliga/2019-2020/2020-02-16 - 18-00 Real Madrid 2 - 2 Celta Vigo/1_720p.mkv
spain_laliga/2019-2020/2020-02-16 - 18-00 Real Madrid 2 - 2 Celta Vigo/2_720p.mkv
spain_laliga/2019-2020/2020-02-09 - 18-00 Osasuna 1 - 4 Real Madrid/1_720p.mkv
spain_laliga/2019-2020/2020-02-09 - 18-00 Osasuna 1 - 4 Real Madrid/2_720p.mkv
spain_laliga/2019-2020/2019-12-15 - 18-00 Valencia 1 - 1 Real Madrid/1_720p.mkv
spain_laliga/2019-2020/2019-12-15 - 18-00 Valencia 1 - 1 Real Madrid/2_720p.mkv
spain_laliga/2019-2020/2019-12-14 - 18-00 Real Sociedad 2 - 2 Barcelona/1_720p.mkv
spain_laliga/2019-2020/2019-12-14 - 18-00 Real Sociedad 2 - 2 Barcelona/2_720p.mkv
spain_laliga/2019-2020/2019-08-17 - 18-00 Celta Vigo 1 - 3 Real Madrid/1_720p.mkv
spain_laliga/2019-2020/2019-08-17 - 18-00 Celta Vigo 1 - 3 Real Madrid/2_720p.mkv
